INFO - 2023-10-31 01:18:45 --> Session: Class initialized using 'CodeIgniter\Session\Handlers\FileHandler' driver.
INFO - 2023-10-31 01:18:45 --> Session: Class initialized using 'CodeIgniter\Session\Handlers\FileHandler' driver.
ERROR - 2023-10-31 01:18:49 --> Error connecting to the database: mysqli_sql_exception: No connection could be made because the target machine actively refused it in E:\dev\horarios\system\Database\MySQLi\Connection.php:184
Stack trace:
#0 E:\dev\horarios\system\Database\MySQLi\Connection.php(184): mysqli->real_connect('localhost', 'useradmin', Object(SensitiveParameterValue), 'horarios', 3306, '', 0)
#1 E:\dev\horarios\system\Database\BaseConnection.php(391): CodeIgniter\Database\MySQLi\Connection->connect(false)
#2 E:\dev\horarios\system\Database\BaseConnection.php(574): CodeIgniter\Database\BaseConnection->initialize()
#3 E:\dev\horarios\system\Database\BaseBuilder.php(1615): CodeIgniter\Database\BaseConnection->query('SELECT *\nFROM `...', Array, false)
#4 E:\dev\horarios\system\Model.php(237): CodeIgniter\Database\BaseBuilder->get()
#5 E:\dev\horarios\system\BaseModel.php(624): CodeIgniter\Model->doFindAll(0, 0)
#6 E:\dev\horarios\app\Controllers\Admin\AdminController.php(21): CodeIgniter\BaseModel->findAll()
#7 E:\dev\horarios\system\CodeIgniter.php(919): App\Controllers\Admin\AdminController->index()
#8 E:\dev\horarios\system\CodeIgniter.php(494): CodeIgniter\CodeIgniter->runController(Object(App\Controllers\Admin\AdminController))
#9 E:\dev\horarios\system\CodeIgniter.php(353): CodeIgniter\CodeIgniter->handleRequest(NULL, Object(Config\Cache), false)
#10 E:\dev\horarios\public\index.php(79): CodeIgniter\CodeIgniter->run()
#11 E:\dev\horarios\system\Commands\Server\rewrite.php(47): require_once('E:\\dev\\horarios...')
#12 {main}

Next CodeIgniter\Database\Exceptions\DatabaseException: No connection could be made because the target machine actively refused it in E:\dev\horarios\system\Database\MySQLi\Connection.php:229
Stack trace:
#0 E:\dev\horarios\system\Database\BaseConnection.php(391): CodeIgniter\Database\MySQLi\Connection->connect(false)
#1 E:\dev\horarios\system\Database\BaseConnection.php(574): CodeIgniter\Database\BaseConnection->initialize()
#2 E:\dev\horarios\system\Database\BaseBuilder.php(1615): CodeIgniter\Database\BaseConnection->query('SELECT *\nFROM `...', Array, false)
#3 E:\dev\horarios\system\Model.php(237): CodeIgniter\Database\BaseBuilder->get()
#4 E:\dev\horarios\system\BaseModel.php(624): CodeIgniter\Model->doFindAll(0, 0)
#5 E:\dev\horarios\app\Controllers\Admin\AdminController.php(21): CodeIgniter\BaseModel->findAll()
#6 E:\dev\horarios\system\CodeIgniter.php(919): App\Controllers\Admin\AdminController->index()
#7 E:\dev\horarios\system\CodeIgniter.php(494): CodeIgniter\CodeIgniter->runController(Object(App\Controllers\Admin\AdminController))
#8 E:\dev\horarios\system\CodeIgniter.php(353): CodeIgniter\CodeIgniter->handleRequest(NULL, Object(Config\Cache), false)
#9 E:\dev\horarios\public\index.php(79): CodeIgniter\CodeIgniter->run()
#10 E:\dev\horarios\system\Commands\Server\rewrite.php(47): require_once('E:\\dev\\horarios...')
#11 {main}
CRITICAL - 2023-10-31 01:18:49 --> Unable to connect to the database.
Main connection [MySQLi]: No connection could be made because the target machine actively refused it
in SYSTEMPATH\Database\BaseConnection.php on line 427.
 1 SYSTEMPATH\Database\BaseConnection.php(574): CodeIgniter\Database\BaseConnection->initialize()
 2 SYSTEMPATH\Database\BaseBuilder.php(1615): CodeIgniter\Database\BaseConnection->query('SELECT *
FROM `usuarios`
ORDER BY `id` DESC', [], false)
 3 SYSTEMPATH\Model.php(237): CodeIgniter\Database\BaseBuilder->get()
 4 SYSTEMPATH\BaseModel.php(624): CodeIgniter\Model->doFindAll(0, 0)
 5 APPPATH\Controllers\Admin\AdminController.php(21): CodeIgniter\BaseModel->findAll()
 6 SYSTEMPATH\CodeIgniter.php(919): App\Controllers\Admin\AdminController->index()
 7 SYSTEMPATH\CodeIgniter.php(494): CodeIgniter\CodeIgniter->runController(Object(App\Controllers\Admin\AdminController))
 8 SYSTEMPATH\CodeIgniter.php(353): CodeIgniter\CodeIgniter->handleRequest(null, Object(Config\Cache), false)
 9 FCPATH\index.php(79): CodeIgniter\CodeIgniter->run()
10 SYSTEMPATH\Commands\Server\rewrite.php(47): require_once('E:\\dev\\horarios\\public\\index.php')
INFO - 2023-10-31 01:19:46 --> Session: Class initialized using 'CodeIgniter\Session\Handlers\FileHandler' driver.
INFO - 2023-10-31 01:19:54 --> Session: Class initialized using 'CodeIgniter\Session\Handlers\FileHandler' driver.
WARNING - 2023-10-31 01:19:54 --> [DEPRECATED] Creation of dynamic property App\Controllers\Admin\AsignaturaController::$session is deprecated in APPPATH\Controllers\Admin\AsignaturaController.php on line 16.
 1 SYSTEMPATH\CodeIgniter.php(891): App\Controllers\Admin\AsignaturaController->__construct()
 2 SYSTEMPATH\CodeIgniter.php(485): CodeIgniter\CodeIgniter->createController()
 3 SYSTEMPATH\CodeIgniter.php(353): CodeIgniter\CodeIgniter->handleRequest(null, Object(Config\Cache), false)
 4 FCPATH\index.php(79): CodeIgniter\CodeIgniter->run()
 5 SYSTEMPATH\Commands\Server\rewrite.php(47): require_once('E:\\dev\\horarios\\public\\index.php')
INFO - 2023-10-31 01:19:57 --> Session: Class initialized using 'CodeIgniter\Session\Handlers\FileHandler' driver.
WARNING - 2023-10-31 01:19:57 --> [DEPRECATED] Creation of dynamic property App\Controllers\Admin\AsignaturaController::$session is deprecated in APPPATH\Controllers\Admin\AsignaturaController.php on line 16.
 1 SYSTEMPATH\CodeIgniter.php(891): App\Controllers\Admin\AsignaturaController->__construct()
 2 SYSTEMPATH\CodeIgniter.php(485): CodeIgniter\CodeIgniter->createController()
 3 SYSTEMPATH\CodeIgniter.php(353): CodeIgniter\CodeIgniter->handleRequest(null, Object(Config\Cache), false)
 4 FCPATH\index.php(79): CodeIgniter\CodeIgniter->run()
 5 SYSTEMPATH\Commands\Server\rewrite.php(47): require_once('E:\\dev\\horarios\\public\\index.php')
INFO - 2023-10-31 01:20:56 --> Session: Class initialized using 'CodeIgniter\Session\Handlers\FileHandler' driver.
INFO - 2023-10-31 01:21:01 --> Session: Class initialized using 'CodeIgniter\Session\Handlers\FileHandler' driver.
INFO - 2023-10-31 01:28:20 --> Session: Class initialized using 'CodeIgniter\Session\Handlers\FileHandler' driver.
INFO - 2023-10-31 01:28:20 --> Session: Class initialized using 'CodeIgniter\Session\Handlers\FileHandler' driver.
INFO - 2023-10-31 01:29:21 --> Session: Class initialized using 'CodeIgniter\Session\Handlers\FileHandler' driver.
INFO - 2023-10-31 01:30:28 --> Session: Class initialized using 'CodeIgniter\Session\Handlers\FileHandler' driver.
INFO - 2023-10-31 01:30:29 --> Session: Class initialized using 'CodeIgniter\Session\Handlers\FileHandler' driver.
INFO - 2023-10-31 01:38:41 --> Session: Class initialized using 'CodeIgniter\Session\Handlers\FileHandler' driver.
INFO - 2023-10-31 01:38:42 --> Session: Class initialized using 'CodeIgniter\Session\Handlers\FileHandler' driver.
INFO - 2023-10-31 01:38:48 --> Session: Class initialized using 'CodeIgniter\Session\Handlers\FileHandler' driver.
INFO - 2023-10-31 01:38:54 --> Session: Class initialized using 'CodeIgniter\Session\Handlers\FileHandler' driver.
INFO - 2023-10-31 01:39:16 --> Session: Class initialized using 'CodeIgniter\Session\Handlers\FileHandler' driver.
INFO - 2023-10-31 04:59:47 --> Session: Class initialized using 'CodeIgniter\Session\Handlers\FileHandler' driver.
INFO - 2023-10-31 04:59:59 --> Session: Class initialized using 'CodeIgniter\Session\Handlers\FileHandler' driver.
INFO - 2023-10-31 05:00:12 --> Session: Class initialized using 'CodeIgniter\Session\Handlers\FileHandler' driver.
INFO - 2023-10-31 05:00:13 --> Session: Class initialized using 'CodeIgniter\Session\Handlers\FileHandler' driver.
INFO - 2023-10-31 05:00:19 --> Session: Class initialized using 'CodeIgniter\Session\Handlers\FileHandler' driver.
WARNING - 2023-10-31 05:00:19 --> [DEPRECATED] Creation of dynamic property App\Controllers\Admin\UsuarioController::$session is deprecated in APPPATH\Controllers\Admin\UsuarioController.php on line 15.
 1 SYSTEMPATH\CodeIgniter.php(891): App\Controllers\Admin\UsuarioController->__construct()
 2 SYSTEMPATH\CodeIgniter.php(485): CodeIgniter\CodeIgniter->createController()
 3 SYSTEMPATH\CodeIgniter.php(353): CodeIgniter\CodeIgniter->handleRequest(null, Object(Config\Cache), false)
 4 FCPATH\index.php(79): CodeIgniter\CodeIgniter->run()
 5 SYSTEMPATH\Commands\Server\rewrite.php(47): require_once('E:\\dev\\horarios\\public\\index.php')
INFO - 2023-10-31 05:04:51 --> Session: Class initialized using 'CodeIgniter\Session\Handlers\FileHandler' driver.
INFO - 2023-10-31 05:04:52 --> Session: Class initialized using 'CodeIgniter\Session\Handlers\FileHandler' driver.
INFO - 2023-10-31 05:04:54 --> Session: Class initialized using 'CodeIgniter\Session\Handlers\FileHandler' driver.
WARNING - 2023-10-31 05:04:54 --> [DEPRECATED] Creation of dynamic property App\Controllers\Docente\ExpedienteController::$session is deprecated in APPPATH\Controllers\Docente\ExpedienteController.php on line 20.
 1 SYSTEMPATH\CodeIgniter.php(919): App\Controllers\Docente\ExpedienteController->index()
 2 SYSTEMPATH\CodeIgniter.php(494): CodeIgniter\CodeIgniter->runController(Object(App\Controllers\Docente\ExpedienteController))
 3 SYSTEMPATH\CodeIgniter.php(353): CodeIgniter\CodeIgniter->handleRequest(null, Object(Config\Cache), false)
 4 FCPATH\index.php(79): CodeIgniter\CodeIgniter->run()
 5 SYSTEMPATH\Commands\Server\rewrite.php(47): require_once('E:\\dev\\horarios\\public\\index.php')
CRITICAL - 2023-10-31 05:04:55 --> Undefined property: CodeIgniter\View\View::$session
in APPPATH\Views\docente\expedientes\index.php on line 14.
 1 APPPATH\Views\docente\expedientes\index.php(14): CodeIgniter\Debug\Exceptions->errorHandler(2, 'Undefined property: CodeIgniter\\View\\View::$session', 'E:\\dev\\horarios\\app\\Views\\docente\\expedientes\\index.php', 14)
 2 SYSTEMPATH\View\View.php(226): include('E:\\dev\\horarios\\app\\Views\\docente\\expedientes\\index.php')
 3 SYSTEMPATH\View\View.php(229): CodeIgniter\View\View->CodeIgniter\View\{closure}()
 4 SYSTEMPATH\Common.php(1188): CodeIgniter\View\View->render('docente/expedientes/index', [], true)
 5 APPPATH\Controllers\Docente\ExpedienteController.php(25): view('docente/expedientes/index', [...])
 6 SYSTEMPATH\CodeIgniter.php(919): App\Controllers\Docente\ExpedienteController->index()
 7 SYSTEMPATH\CodeIgniter.php(494): CodeIgniter\CodeIgniter->runController(Object(App\Controllers\Docente\ExpedienteController))
 8 SYSTEMPATH\CodeIgniter.php(353): CodeIgniter\CodeIgniter->handleRequest(null, Object(Config\Cache), false)
 9 FCPATH\index.php(79): CodeIgniter\CodeIgniter->run()
10 SYSTEMPATH\Commands\Server\rewrite.php(47): require_once('E:\\dev\\horarios\\public\\index.php')
INFO - 2023-10-31 05:06:42 --> Session: Class initialized using 'CodeIgniter\Session\Handlers\FileHandler' driver.
WARNING - 2023-10-31 05:06:42 --> [DEPRECATED] Creation of dynamic property App\Controllers\Docente\ExpedienteController::$session is deprecated in APPPATH\Controllers\Docente\ExpedienteController.php on line 20.
 1 SYSTEMPATH\CodeIgniter.php(919): App\Controllers\Docente\ExpedienteController->index()
 2 SYSTEMPATH\CodeIgniter.php(494): CodeIgniter\CodeIgniter->runController(Object(App\Controllers\Docente\ExpedienteController))
 3 SYSTEMPATH\CodeIgniter.php(353): CodeIgniter\CodeIgniter->handleRequest(null, Object(Config\Cache), false)
 4 FCPATH\index.php(79): CodeIgniter\CodeIgniter->run()
 5 SYSTEMPATH\Commands\Server\rewrite.php(47): require_once('E:\\dev\\horarios\\public\\index.php')
WARNING - 2023-10-31 05:06:42 --> [DEPRECATED] Creation of dynamic property CodeIgniter\View\View::$session is deprecated in APPPATH\Views\docente\expedientes\index.php on line 14.
 1 SYSTEMPATH\View\View.php(226): include('E:\\dev\\horarios\\app\\Views\\docente\\expedientes\\index.php')
 2 SYSTEMPATH\View\View.php(229): CodeIgniter\View\View->CodeIgniter\View\{closure}()
 3 SYSTEMPATH\Common.php(1188): CodeIgniter\View\View->render('docente/expedientes/index', [], true)
 4 APPPATH\Controllers\Docente\ExpedienteController.php(25): view('docente/expedientes/index', [...])
 5 SYSTEMPATH\CodeIgniter.php(919): App\Controllers\Docente\ExpedienteController->index()
 6 SYSTEMPATH\CodeIgniter.php(494): CodeIgniter\CodeIgniter->runController(Object(App\Controllers\Docente\ExpedienteController))
 7 SYSTEMPATH\CodeIgniter.php(353): CodeIgniter\CodeIgniter->handleRequest(null, Object(Config\Cache), false)
 8 FCPATH\index.php(79): CodeIgniter\CodeIgniter->run()
 9 SYSTEMPATH\Commands\Server\rewrite.php(47): require_once('E:\\dev\\horarios\\public\\index.php')
INFO - 2023-10-31 05:06:47 --> Session: Class initialized using 'CodeIgniter\Session\Handlers\FileHandler' driver.
INFO - 2023-10-31 05:06:47 --> Session: Class initialized using 'CodeIgniter\Session\Handlers\FileHandler' driver.
WARNING - 2023-10-31 05:06:47 --> [DEPRECATED] Creation of dynamic property App\Controllers\Docente\ExpedienteController::$session is deprecated in APPPATH\Controllers\Docente\ExpedienteController.php on line 20.
 1 SYSTEMPATH\CodeIgniter.php(919): App\Controllers\Docente\ExpedienteController->index()
 2 SYSTEMPATH\CodeIgniter.php(494): CodeIgniter\CodeIgniter->runController(Object(App\Controllers\Docente\ExpedienteController))
 3 SYSTEMPATH\CodeIgniter.php(353): CodeIgniter\CodeIgniter->handleRequest(null, Object(Config\Cache), false)
 4 FCPATH\index.php(79): CodeIgniter\CodeIgniter->run()
 5 SYSTEMPATH\Commands\Server\rewrite.php(47): require_once('E:\\dev\\horarios\\public\\index.php')
WARNING - 2023-10-31 05:06:47 --> [DEPRECATED] Creation of dynamic property CodeIgniter\View\View::$session is deprecated in APPPATH\Views\docente\expedientes\index.php on line 14.
 1 SYSTEMPATH\View\View.php(226): include('E:\\dev\\horarios\\app\\Views\\docente\\expedientes\\index.php')
 2 SYSTEMPATH\View\View.php(229): CodeIgniter\View\View->CodeIgniter\View\{closure}()
 3 SYSTEMPATH\Common.php(1188): CodeIgniter\View\View->render('docente/expedientes/index', [], true)
 4 APPPATH\Controllers\Docente\ExpedienteController.php(25): view('docente/expedientes/index', [...])
 5 SYSTEMPATH\CodeIgniter.php(919): App\Controllers\Docente\ExpedienteController->index()
 6 SYSTEMPATH\CodeIgniter.php(494): CodeIgniter\CodeIgniter->runController(Object(App\Controllers\Docente\ExpedienteController))
 7 SYSTEMPATH\CodeIgniter.php(353): CodeIgniter\CodeIgniter->handleRequest(null, Object(Config\Cache), false)
 8 FCPATH\index.php(79): CodeIgniter\CodeIgniter->run()
 9 SYSTEMPATH\Commands\Server\rewrite.php(47): require_once('E:\\dev\\horarios\\public\\index.php')
INFO - 2023-10-31 05:06:57 --> Session: Class initialized using 'CodeIgniter\Session\Handlers\FileHandler' driver.
INFO - 2023-10-31 05:07:13 --> Session: Class initialized using 'CodeIgniter\Session\Handlers\FileHandler' driver.
WARNING - 2023-10-31 05:07:13 --> [DEPRECATED] Creation of dynamic property App\Controllers\Docente\ExpedienteController::$session is deprecated in APPPATH\Controllers\Docente\ExpedienteController.php on line 270.
 1 SYSTEMPATH\CodeIgniter.php(919): App\Controllers\Docente\ExpedienteController->store()
 2 SYSTEMPATH\CodeIgniter.php(494): CodeIgniter\CodeIgniter->runController(Object(App\Controllers\Docente\ExpedienteController))
 3 SYSTEMPATH\CodeIgniter.php(353): CodeIgniter\CodeIgniter->handleRequest(null, Object(Config\Cache), false)
 4 FCPATH\index.php(79): CodeIgniter\CodeIgniter->run()
 5 SYSTEMPATH\Commands\Server\rewrite.php(47): require_once('E:\\dev\\horarios\\public\\index.php')
INFO - 2023-10-31 05:07:13 --> Session: Class initialized using 'CodeIgniter\Session\Handlers\FileHandler' driver.
WARNING - 2023-10-31 05:07:13 --> [DEPRECATED] Creation of dynamic property App\Controllers\Docente\ExpedienteController::$session is deprecated in APPPATH\Controllers\Docente\ExpedienteController.php on line 20.
 1 SYSTEMPATH\CodeIgniter.php(919): App\Controllers\Docente\ExpedienteController->index()
 2 SYSTEMPATH\CodeIgniter.php(494): CodeIgniter\CodeIgniter->runController(Object(App\Controllers\Docente\ExpedienteController))
 3 SYSTEMPATH\CodeIgniter.php(353): CodeIgniter\CodeIgniter->handleRequest(null, Object(Config\Cache), false)
 4 FCPATH\index.php(79): CodeIgniter\CodeIgniter->run()
 5 SYSTEMPATH\Commands\Server\rewrite.php(47): require_once('E:\\dev\\horarios\\public\\index.php')
WARNING - 2023-10-31 05:07:13 --> [DEPRECATED] Creation of dynamic property CodeIgniter\View\View::$session is deprecated in APPPATH\Views\docente\expedientes\index.php on line 14.
 1 SYSTEMPATH\View\View.php(226): include('E:\\dev\\horarios\\app\\Views\\docente\\expedientes\\index.php')
 2 SYSTEMPATH\View\View.php(229): CodeIgniter\View\View->CodeIgniter\View\{closure}()
 3 SYSTEMPATH\Common.php(1188): CodeIgniter\View\View->render('docente/expedientes/index', [], true)
 4 APPPATH\Controllers\Docente\ExpedienteController.php(25): view('docente/expedientes/index', [...])
 5 SYSTEMPATH\CodeIgniter.php(919): App\Controllers\Docente\ExpedienteController->index()
 6 SYSTEMPATH\CodeIgniter.php(494): CodeIgniter\CodeIgniter->runController(Object(App\Controllers\Docente\ExpedienteController))
 7 SYSTEMPATH\CodeIgniter.php(353): CodeIgniter\CodeIgniter->handleRequest(null, Object(Config\Cache), false)
 8 FCPATH\index.php(79): CodeIgniter\CodeIgniter->run()
 9 SYSTEMPATH\Commands\Server\rewrite.php(47): require_once('E:\\dev\\horarios\\public\\index.php')
INFO - 2023-10-31 05:07:18 --> Session: Class initialized using 'CodeIgniter\Session\Handlers\FileHandler' driver.
INFO - 2023-10-31 05:07:26 --> Session: Class initialized using 'CodeIgniter\Session\Handlers\FileHandler' driver.
WARNING - 2023-10-31 05:07:26 --> [DEPRECATED] Creation of dynamic property App\Controllers\Docente\ExpedienteController::$session is deprecated in APPPATH\Controllers\Docente\ExpedienteController.php on line 20.
 1 SYSTEMPATH\CodeIgniter.php(919): App\Controllers\Docente\ExpedienteController->index()
 2 SYSTEMPATH\CodeIgniter.php(494): CodeIgniter\CodeIgniter->runController(Object(App\Controllers\Docente\ExpedienteController))
 3 SYSTEMPATH\CodeIgniter.php(353): CodeIgniter\CodeIgniter->handleRequest(null, Object(Config\Cache), false)
 4 FCPATH\index.php(79): CodeIgniter\CodeIgniter->run()
 5 SYSTEMPATH\Commands\Server\rewrite.php(47): require_once('E:\\dev\\horarios\\public\\index.php')
WARNING - 2023-10-31 05:07:26 --> [DEPRECATED] Creation of dynamic property CodeIgniter\View\View::$session is deprecated in APPPATH\Views\docente\expedientes\index.php on line 14.
 1 SYSTEMPATH\View\View.php(226): include('E:\\dev\\horarios\\app\\Views\\docente\\expedientes\\index.php')
 2 SYSTEMPATH\View\View.php(229): CodeIgniter\View\View->CodeIgniter\View\{closure}()
 3 SYSTEMPATH\Common.php(1188): CodeIgniter\View\View->render('docente/expedientes/index', [], true)
 4 APPPATH\Controllers\Docente\ExpedienteController.php(25): view('docente/expedientes/index', [...])
 5 SYSTEMPATH\CodeIgniter.php(919): App\Controllers\Docente\ExpedienteController->index()
 6 SYSTEMPATH\CodeIgniter.php(494): CodeIgniter\CodeIgniter->runController(Object(App\Controllers\Docente\ExpedienteController))
 7 SYSTEMPATH\CodeIgniter.php(353): CodeIgniter\CodeIgniter->handleRequest(null, Object(Config\Cache), false)
 8 FCPATH\index.php(79): CodeIgniter\CodeIgniter->run()
 9 SYSTEMPATH\Commands\Server\rewrite.php(47): require_once('E:\\dev\\horarios\\public\\index.php')
INFO - 2023-10-31 05:12:23 --> Session: Class initialized using 'CodeIgniter\Session\Handlers\FileHandler' driver.
INFO - 2023-10-31 05:12:33 --> Session: Class initialized using 'CodeIgniter\Session\Handlers\FileHandler' driver.
WARNING - 2023-10-31 05:12:33 --> [DEPRECATED] Creation of dynamic property App\Controllers\Docente\ExpedienteController::$session is deprecated in APPPATH\Controllers\Docente\ExpedienteController.php on line 372.
 1 SYSTEMPATH\CodeIgniter.php(919): App\Controllers\Docente\ExpedienteController->update('2')
 2 SYSTEMPATH\CodeIgniter.php(494): CodeIgniter\CodeIgniter->runController(Object(App\Controllers\Docente\ExpedienteController))
 3 SYSTEMPATH\CodeIgniter.php(353): CodeIgniter\CodeIgniter->handleRequest(null, Object(Config\Cache), false)
 4 FCPATH\index.php(79): CodeIgniter\CodeIgniter->run()
 5 SYSTEMPATH\Commands\Server\rewrite.php(47): require_once('E:\\dev\\horarios\\public\\index.php')
CRITICAL - 2023-10-31 05:12:33 --> Undefined variable $id
in APPPATH\Controllers\Docente\ExpedienteController.php on line 375.
 1 APPPATH\Controllers\Docente\ExpedienteController.php(375): CodeIgniter\Debug\Exceptions->errorHandler(2, 'Undefined variable $id', 'E:\\dev\\horarios\\app\\Controllers\\Docente\\ExpedienteController.php', 375)
 2 SYSTEMPATH\CodeIgniter.php(919): App\Controllers\Docente\ExpedienteController->update('2')
 3 SYSTEMPATH\CodeIgniter.php(494): CodeIgniter\CodeIgniter->runController(Object(App\Controllers\Docente\ExpedienteController))
 4 SYSTEMPATH\CodeIgniter.php(353): CodeIgniter\CodeIgniter->handleRequest(null, Object(Config\Cache), false)
 5 FCPATH\index.php(79): CodeIgniter\CodeIgniter->run()
 6 SYSTEMPATH\Commands\Server\rewrite.php(47): require_once('E:\\dev\\horarios\\public\\index.php')
INFO - 2023-10-31 05:15:47 --> Session: Class initialized using 'CodeIgniter\Session\Handlers\FileHandler' driver.
WARNING - 2023-10-31 05:15:47 --> [DEPRECATED] Creation of dynamic property App\Controllers\Docente\ExpedienteController::$session is deprecated in APPPATH\Controllers\Docente\ExpedienteController.php on line 372.
 1 SYSTEMPATH\CodeIgniter.php(919): App\Controllers\Docente\ExpedienteController->update('2')
 2 SYSTEMPATH\CodeIgniter.php(494): CodeIgniter\CodeIgniter->runController(Object(App\Controllers\Docente\ExpedienteController))
 3 SYSTEMPATH\CodeIgniter.php(353): CodeIgniter\CodeIgniter->handleRequest(null, Object(Config\Cache), false)
 4 FCPATH\index.php(79): CodeIgniter\CodeIgniter->run()
 5 SYSTEMPATH\Commands\Server\rewrite.php(47): require_once('E:\\dev\\horarios\\public\\index.php')
CRITICAL - 2023-10-31 05:15:47 --> Undefined variable $id
in APPPATH\Controllers\Docente\ExpedienteController.php on line 375.
 1 APPPATH\Controllers\Docente\ExpedienteController.php(375): CodeIgniter\Debug\Exceptions->errorHandler(2, 'Undefined variable $id', 'E:\\dev\\horarios\\app\\Controllers\\Docente\\ExpedienteController.php', 375)
 2 SYSTEMPATH\CodeIgniter.php(919): App\Controllers\Docente\ExpedienteController->update('2')
 3 SYSTEMPATH\CodeIgniter.php(494): CodeIgniter\CodeIgniter->runController(Object(App\Controllers\Docente\ExpedienteController))
 4 SYSTEMPATH\CodeIgniter.php(353): CodeIgniter\CodeIgniter->handleRequest(null, Object(Config\Cache), false)
 5 FCPATH\index.php(79): CodeIgniter\CodeIgniter->run()
 6 SYSTEMPATH\Commands\Server\rewrite.php(47): require_once('E:\\dev\\horarios\\public\\index.php')
INFO - 2023-10-31 05:15:51 --> Session: Class initialized using 'CodeIgniter\Session\Handlers\FileHandler' driver.
WARNING - 2023-10-31 05:15:51 --> [DEPRECATED] Creation of dynamic property CodeIgniter\View\View::$session is deprecated in APPPATH\Views\docente\expedientes\edit.php on line 27.
 1 SYSTEMPATH\View\View.php(226): include('E:\\dev\\horarios\\app\\Views\\docente\\expedientes\\edit.php')
 2 SYSTEMPATH\View\View.php(229): CodeIgniter\View\View->CodeIgniter\View\{closure}()
 3 SYSTEMPATH\Common.php(1188): CodeIgniter\View\View->render('docente/expedientes/edit', [], true)
 4 APPPATH\Controllers\Docente\ExpedienteController.php(361): view('docente/expedientes/edit', [...])
 5 SYSTEMPATH\CodeIgniter.php(919): App\Controllers\Docente\ExpedienteController->edit('2')
 6 SYSTEMPATH\CodeIgniter.php(494): CodeIgniter\CodeIgniter->runController(Object(App\Controllers\Docente\ExpedienteController))
 7 SYSTEMPATH\CodeIgniter.php(353): CodeIgniter\CodeIgniter->handleRequest(null, Object(Config\Cache), false)
 8 FCPATH\index.php(79): CodeIgniter\CodeIgniter->run()
 9 SYSTEMPATH\Commands\Server\rewrite.php(47): require_once('E:\\dev\\horarios\\public\\index.php')
INFO - 2023-10-31 05:15:53 --> Session: Class initialized using 'CodeIgniter\Session\Handlers\FileHandler' driver.
WARNING - 2023-10-31 05:15:53 --> [DEPRECATED] Creation of dynamic property CodeIgniter\View\View::$session is deprecated in APPPATH\Views\docente\expedientes\edit.php on line 27.
 1 SYSTEMPATH\View\View.php(226): include('E:\\dev\\horarios\\app\\Views\\docente\\expedientes\\edit.php')
 2 SYSTEMPATH\View\View.php(229): CodeIgniter\View\View->CodeIgniter\View\{closure}()
 3 SYSTEMPATH\Common.php(1188): CodeIgniter\View\View->render('docente/expedientes/edit', [], true)
 4 APPPATH\Controllers\Docente\ExpedienteController.php(361): view('docente/expedientes/edit', [...])
 5 SYSTEMPATH\CodeIgniter.php(919): App\Controllers\Docente\ExpedienteController->edit('2')
 6 SYSTEMPATH\CodeIgniter.php(494): CodeIgniter\CodeIgniter->runController(Object(App\Controllers\Docente\ExpedienteController))
 7 SYSTEMPATH\CodeIgniter.php(353): CodeIgniter\CodeIgniter->handleRequest(null, Object(Config\Cache), false)
 8 FCPATH\index.php(79): CodeIgniter\CodeIgniter->run()
 9 SYSTEMPATH\Commands\Server\rewrite.php(47): require_once('E:\\dev\\horarios\\public\\index.php')
INFO - 2023-10-31 05:16:06 --> Session: Class initialized using 'CodeIgniter\Session\Handlers\FileHandler' driver.
WARNING - 2023-10-31 05:16:06 --> [DEPRECATED] Creation of dynamic property App\Controllers\Docente\ExpedienteController::$session is deprecated in APPPATH\Controllers\Docente\ExpedienteController.php on line 372.
 1 SYSTEMPATH\CodeIgniter.php(919): App\Controllers\Docente\ExpedienteController->update('2')
 2 SYSTEMPATH\CodeIgniter.php(494): CodeIgniter\CodeIgniter->runController(Object(App\Controllers\Docente\ExpedienteController))
 3 SYSTEMPATH\CodeIgniter.php(353): CodeIgniter\CodeIgniter->handleRequest(null, Object(Config\Cache), false)
 4 FCPATH\index.php(79): CodeIgniter\CodeIgniter->run()
 5 SYSTEMPATH\Commands\Server\rewrite.php(47): require_once('E:\\dev\\horarios\\public\\index.php')
CRITICAL - 2023-10-31 05:16:06 --> Undefined variable $id
in APPPATH\Controllers\Docente\ExpedienteController.php on line 375.
 1 APPPATH\Controllers\Docente\ExpedienteController.php(375): CodeIgniter\Debug\Exceptions->errorHandler(2, 'Undefined variable $id', 'E:\\dev\\horarios\\app\\Controllers\\Docente\\ExpedienteController.php', 375)
 2 SYSTEMPATH\CodeIgniter.php(919): App\Controllers\Docente\ExpedienteController->update('2')
 3 SYSTEMPATH\CodeIgniter.php(494): CodeIgniter\CodeIgniter->runController(Object(App\Controllers\Docente\ExpedienteController))
 4 SYSTEMPATH\CodeIgniter.php(353): CodeIgniter\CodeIgniter->handleRequest(null, Object(Config\Cache), false)
 5 FCPATH\index.php(79): CodeIgniter\CodeIgniter->run()
 6 SYSTEMPATH\Commands\Server\rewrite.php(47): require_once('E:\\dev\\horarios\\public\\index.php')
INFO - 2023-10-31 05:16:42 --> Session: Class initialized using 'CodeIgniter\Session\Handlers\FileHandler' driver.
WARNING - 2023-10-31 05:16:42 --> [DEPRECATED] Creation of dynamic property App\Controllers\Docente\ExpedienteController::$session is deprecated in APPPATH\Controllers\Docente\ExpedienteController.php on line 372.
 1 SYSTEMPATH\CodeIgniter.php(919): App\Controllers\Docente\ExpedienteController->update('2')
 2 SYSTEMPATH\CodeIgniter.php(494): CodeIgniter\CodeIgniter->runController(Object(App\Controllers\Docente\ExpedienteController))
 3 SYSTEMPATH\CodeIgniter.php(353): CodeIgniter\CodeIgniter->handleRequest(null, Object(Config\Cache), false)
 4 FCPATH\index.php(79): CodeIgniter\CodeIgniter->run()
 5 SYSTEMPATH\Commands\Server\rewrite.php(47): require_once('E:\\dev\\horarios\\public\\index.php')
CRITICAL - 2023-10-31 05:16:42 --> Undefined variable $docente
in APPPATH\Controllers\Docente\ExpedienteController.php on line 444.
 1 APPPATH\Controllers\Docente\ExpedienteController.php(444): CodeIgniter\Debug\Exceptions->errorHandler(2, 'Undefined variable $docente', 'E:\\dev\\horarios\\app\\Controllers\\Docente\\ExpedienteController.php', 444)
 2 SYSTEMPATH\CodeIgniter.php(919): App\Controllers\Docente\ExpedienteController->update('2')
 3 SYSTEMPATH\CodeIgniter.php(494): CodeIgniter\CodeIgniter->runController(Object(App\Controllers\Docente\ExpedienteController))
 4 SYSTEMPATH\CodeIgniter.php(353): CodeIgniter\CodeIgniter->handleRequest(null, Object(Config\Cache), false)
 5 FCPATH\index.php(79): CodeIgniter\CodeIgniter->run()
 6 SYSTEMPATH\Commands\Server\rewrite.php(47): require_once('E:\\dev\\horarios\\public\\index.php')
INFO - 2023-10-31 05:16:58 --> Session: Class initialized using 'CodeIgniter\Session\Handlers\FileHandler' driver.
WARNING - 2023-10-31 05:16:58 --> [DEPRECATED] Creation of dynamic property App\Controllers\Docente\ExpedienteController::$session is deprecated in APPPATH\Controllers\Docente\ExpedienteController.php on line 372.
 1 SYSTEMPATH\CodeIgniter.php(919): App\Controllers\Docente\ExpedienteController->update('2')
 2 SYSTEMPATH\CodeIgniter.php(494): CodeIgniter\CodeIgniter->runController(Object(App\Controllers\Docente\ExpedienteController))
 3 SYSTEMPATH\CodeIgniter.php(353): CodeIgniter\CodeIgniter->handleRequest(null, Object(Config\Cache), false)
 4 FCPATH\index.php(79): CodeIgniter\CodeIgniter->run()
 5 SYSTEMPATH\Commands\Server\rewrite.php(47): require_once('E:\\dev\\horarios\\public\\index.php')
ERROR - 2023-10-31 05:16:58 --> mysqli_sql_exception: Cannot add or update a child row: a foreign key constraint fails (`horarios`.`expedientes`, CONSTRAINT `expedientes_docente_foreign` FOREIGN KEY (`docente`) REFERENCES `usuarios` (`id`)) in E:\dev\horarios\system\Database\MySQLi\Connection.php:306
Stack trace:
#0 E:\dev\horarios\system\Database\MySQLi\Connection.php(306): mysqli->query('UPDATE `expedie...', 0)
#1 E:\dev\horarios\system\Database\BaseConnection.php(692): CodeIgniter\Database\MySQLi\Connection->execute('UPDATE `expedie...')
#2 E:\dev\horarios\system\Database\BaseConnection.php(606): CodeIgniter\Database\BaseConnection->simpleQuery('UPDATE `expedie...')
#3 E:\dev\horarios\system\Database\BaseBuilder.php(2475): CodeIgniter\Database\BaseConnection->query('UPDATE `expedie...', Array, false)
#4 E:\dev\horarios\system\Model.php(385): CodeIgniter\Database\BaseBuilder->update()
#5 E:\dev\horarios\system\BaseModel.php(949): CodeIgniter\Model->doUpdate(Array, Array)
#6 E:\dev\horarios\system\Model.php(776): CodeIgniter\BaseModel->update(Array, Array)
#7 E:\dev\horarios\app\Controllers\Docente\ExpedienteController.php(444): CodeIgniter\Model->update('2', Array)
#8 E:\dev\horarios\system\CodeIgniter.php(919): App\Controllers\Docente\ExpedienteController->update('2')
#9 E:\dev\horarios\system\CodeIgniter.php(494): CodeIgniter\CodeIgniter->runController(Object(App\Controllers\Docente\ExpedienteController))
#10 E:\dev\horarios\system\CodeIgniter.php(353): CodeIgniter\CodeIgniter->handleRequest(NULL, Object(Config\Cache), false)
#11 E:\dev\horarios\public\index.php(79): CodeIgniter\CodeIgniter->run()
#12 E:\dev\horarios\system\Commands\Server\rewrite.php(47): require_once('E:\\dev\\horarios...')
#13 {main}
CRITICAL - 2023-10-31 05:16:58 --> Cannot add or update a child row: a foreign key constraint fails (`horarios`.`expedientes`, CONSTRAINT `expedientes_docente_foreign` FOREIGN KEY (`docente`) REFERENCES `usuarios` (`id`))
in SYSTEMPATH\Database\BaseConnection.php on line 646.
 1 SYSTEMPATH\Database\BaseBuilder.php(2475): CodeIgniter\Database\BaseConnection->query('UPDATE `expedientes` SET `docente` = :docente:, `bio` = :bio:, `licenciatura` = :licenciatura:, `lic_num_cedula` = :lic_num_cedula:, `fecha_titulacion_lic` = :fecha_titulacion_lic:, `maestria` = :maestria:, `mae_num_cedula` = :mae_num_cedula:, `fecha_titulacion_mae` = :fecha_titulacion_mae:, `doctorado` = :doctorado:, `doc_num_cedula` = :doc_num_cedula:, `fecha_titulacion_doc` = :fecha_titulacion_doc:, `articulo1` = :articulo1:, `fecha_pub_articulo1` = :fecha_pub_articulo1:, `articulo2` = :articulo2:, `fecha_pub_articulo2` = :fecha_pub_articulo2:, `articulo3` = :articulo3:, `fecha_pub_articulo3` = :fecha_pub_articulo3:, `curso1` = :curso1:, `fecha_curso1` = :fecha_curso1:, `curso2` = :curso2:, `fecha_curso2` = :fecha_curso2:, `curso3` = :curso3:, `fecha_curso3` = :fecha_curso3:, `curso4` = :curso4:, `fecha_curso4` = :fecha_curso4:, `ponencia1` = :ponencia1:, `fecha_ponencia1` = :fecha_ponencia1:, `ponencia2` = :ponencia2:, `fecha_ponencia2` = :fecha_ponencia2:, `ponencia3` = :ponencia3:, `fecha_ponencia3` = :fecha_ponencia3:, `certificacion1` = :certificacion1:, `fecha_certificacion1` = :fecha_certificacion1:, `certificacion2` = :certificacion2:, `fecha_certificacion2` = :fecha_certificacion2:, `certificacion3` = :certificacion3:, `fecha_certificacion3` = :fecha_certificacion3:, `certificacion4` = :certificacion4:, `fecha_certificacion4` = :fecha_certificacion4:, `experiencia_adicional` = :experiencia_adicional:, `updated_at` = :updated_at:
WHERE `expedientes`.`docente` IN :expedientes.docente:', [...], false)
 2 SYSTEMPATH\Model.php(385): CodeIgniter\Database\BaseBuilder->update()
 3 SYSTEMPATH\BaseModel.php(949): CodeIgniter\Model->doUpdate([...], [...])
 4 SYSTEMPATH\Model.php(776): CodeIgniter\BaseModel->update([...], [...])
 5 APPPATH\Controllers\Docente\ExpedienteController.php(444): CodeIgniter\Model->update('2', [...])
 6 SYSTEMPATH\CodeIgniter.php(919): App\Controllers\Docente\ExpedienteController->update('2')
 7 SYSTEMPATH\CodeIgniter.php(494): CodeIgniter\CodeIgniter->runController(Object(App\Controllers\Docente\ExpedienteController))
 8 SYSTEMPATH\CodeIgniter.php(353): CodeIgniter\CodeIgniter->handleRequest(null, Object(Config\Cache), false)
 9 FCPATH\index.php(79): CodeIgniter\CodeIgniter->run()
10 SYSTEMPATH\Commands\Server\rewrite.php(47): require_once('E:\\dev\\horarios\\public\\index.php')
INFO - 2023-10-31 05:17:33 --> Session: Class initialized using 'CodeIgniter\Session\Handlers\FileHandler' driver.
WARNING - 2023-10-31 05:17:33 --> [DEPRECATED] Creation of dynamic property App\Controllers\Docente\ExpedienteController::$session is deprecated in APPPATH\Controllers\Docente\ExpedienteController.php on line 372.
 1 SYSTEMPATH\CodeIgniter.php(919): App\Controllers\Docente\ExpedienteController->update('2')
 2 SYSTEMPATH\CodeIgniter.php(494): CodeIgniter\CodeIgniter->runController(Object(App\Controllers\Docente\ExpedienteController))
 3 SYSTEMPATH\CodeIgniter.php(353): CodeIgniter\CodeIgniter->handleRequest(null, Object(Config\Cache), false)
 4 FCPATH\index.php(79): CodeIgniter\CodeIgniter->run()
 5 SYSTEMPATH\Commands\Server\rewrite.php(47): require_once('E:\\dev\\horarios\\public\\index.php')
INFO - 2023-10-31 05:17:33 --> Session: Class initialized using 'CodeIgniter\Session\Handlers\FileHandler' driver.
WARNING - 2023-10-31 05:17:33 --> [DEPRECATED] Creation of dynamic property App\Controllers\Docente\ExpedienteController::$session is deprecated in APPPATH\Controllers\Docente\ExpedienteController.php on line 20.
 1 SYSTEMPATH\CodeIgniter.php(919): App\Controllers\Docente\ExpedienteController->index()
 2 SYSTEMPATH\CodeIgniter.php(494): CodeIgniter\CodeIgniter->runController(Object(App\Controllers\Docente\ExpedienteController))
 3 SYSTEMPATH\CodeIgniter.php(353): CodeIgniter\CodeIgniter->handleRequest(null, Object(Config\Cache), false)
 4 FCPATH\index.php(79): CodeIgniter\CodeIgniter->run()
 5 SYSTEMPATH\Commands\Server\rewrite.php(47): require_once('E:\\dev\\horarios\\public\\index.php')
WARNING - 2023-10-31 05:17:33 --> [DEPRECATED] Creation of dynamic property CodeIgniter\View\View::$session is deprecated in APPPATH\Views\docente\expedientes\index.php on line 14.
 1 SYSTEMPATH\View\View.php(226): include('E:\\dev\\horarios\\app\\Views\\docente\\expedientes\\index.php')
 2 SYSTEMPATH\View\View.php(229): CodeIgniter\View\View->CodeIgniter\View\{closure}()
 3 SYSTEMPATH\Common.php(1188): CodeIgniter\View\View->render('docente/expedientes/index', [], true)
 4 APPPATH\Controllers\Docente\ExpedienteController.php(25): view('docente/expedientes/index', [...])
 5 SYSTEMPATH\CodeIgniter.php(919): App\Controllers\Docente\ExpedienteController->index()
 6 SYSTEMPATH\CodeIgniter.php(494): CodeIgniter\CodeIgniter->runController(Object(App\Controllers\Docente\ExpedienteController))
 7 SYSTEMPATH\CodeIgniter.php(353): CodeIgniter\CodeIgniter->handleRequest(null, Object(Config\Cache), false)
 8 FCPATH\index.php(79): CodeIgniter\CodeIgniter->run()
 9 SYSTEMPATH\Commands\Server\rewrite.php(47): require_once('E:\\dev\\horarios\\public\\index.php')
INFO - 2023-10-31 05:17:39 --> Session: Class initialized using 'CodeIgniter\Session\Handlers\FileHandler' driver.
WARNING - 2023-10-31 05:17:39 --> [DEPRECATED] Creation of dynamic property CodeIgniter\View\View::$session is deprecated in APPPATH\Views\docente\expedientes\edit.php on line 27.
 1 SYSTEMPATH\View\View.php(226): include('E:\\dev\\horarios\\app\\Views\\docente\\expedientes\\edit.php')
 2 SYSTEMPATH\View\View.php(229): CodeIgniter\View\View->CodeIgniter\View\{closure}()
 3 SYSTEMPATH\Common.php(1188): CodeIgniter\View\View->render('docente/expedientes/edit', [], true)
 4 APPPATH\Controllers\Docente\ExpedienteController.php(361): view('docente/expedientes/edit', [...])
 5 SYSTEMPATH\CodeIgniter.php(919): App\Controllers\Docente\ExpedienteController->edit('2')
 6 SYSTEMPATH\CodeIgniter.php(494): CodeIgniter\CodeIgniter->runController(Object(App\Controllers\Docente\ExpedienteController))
 7 SYSTEMPATH\CodeIgniter.php(353): CodeIgniter\CodeIgniter->handleRequest(null, Object(Config\Cache), false)
 8 FCPATH\index.php(79): CodeIgniter\CodeIgniter->run()
 9 SYSTEMPATH\Commands\Server\rewrite.php(47): require_once('E:\\dev\\horarios\\public\\index.php')
INFO - 2023-10-31 05:18:08 --> Session: Class initialized using 'CodeIgniter\Session\Handlers\FileHandler' driver.
WARNING - 2023-10-31 05:18:08 --> [DEPRECATED] Creation of dynamic property App\Controllers\Docente\ExpedienteController::$session is deprecated in APPPATH\Controllers\Docente\ExpedienteController.php on line 372.
 1 SYSTEMPATH\CodeIgniter.php(919): App\Controllers\Docente\ExpedienteController->update('2')
 2 SYSTEMPATH\CodeIgniter.php(494): CodeIgniter\CodeIgniter->runController(Object(App\Controllers\Docente\ExpedienteController))
 3 SYSTEMPATH\CodeIgniter.php(353): CodeIgniter\CodeIgniter->handleRequest(null, Object(Config\Cache), false)
 4 FCPATH\index.php(79): CodeIgniter\CodeIgniter->run()
 5 SYSTEMPATH\Commands\Server\rewrite.php(47): require_once('E:\\dev\\horarios\\public\\index.php')
INFO - 2023-10-31 05:18:08 --> Session: Class initialized using 'CodeIgniter\Session\Handlers\FileHandler' driver.
WARNING - 2023-10-31 05:18:08 --> [DEPRECATED] Creation of dynamic property App\Controllers\Docente\ExpedienteController::$session is deprecated in APPPATH\Controllers\Docente\ExpedienteController.php on line 20.
 1 SYSTEMPATH\CodeIgniter.php(919): App\Controllers\Docente\ExpedienteController->index()
 2 SYSTEMPATH\CodeIgniter.php(494): CodeIgniter\CodeIgniter->runController(Object(App\Controllers\Docente\ExpedienteController))
 3 SYSTEMPATH\CodeIgniter.php(353): CodeIgniter\CodeIgniter->handleRequest(null, Object(Config\Cache), false)
 4 FCPATH\index.php(79): CodeIgniter\CodeIgniter->run()
 5 SYSTEMPATH\Commands\Server\rewrite.php(47): require_once('E:\\dev\\horarios\\public\\index.php')
WARNING - 2023-10-31 05:18:08 --> [DEPRECATED] Creation of dynamic property CodeIgniter\View\View::$session is deprecated in APPPATH\Views\docente\expedientes\index.php on line 14.
 1 SYSTEMPATH\View\View.php(226): include('E:\\dev\\horarios\\app\\Views\\docente\\expedientes\\index.php')
 2 SYSTEMPATH\View\View.php(229): CodeIgniter\View\View->CodeIgniter\View\{closure}()
 3 SYSTEMPATH\Common.php(1188): CodeIgniter\View\View->render('docente/expedientes/index', [], true)
 4 APPPATH\Controllers\Docente\ExpedienteController.php(25): view('docente/expedientes/index', [...])
 5 SYSTEMPATH\CodeIgniter.php(919): App\Controllers\Docente\ExpedienteController->index()
 6 SYSTEMPATH\CodeIgniter.php(494): CodeIgniter\CodeIgniter->runController(Object(App\Controllers\Docente\ExpedienteController))
 7 SYSTEMPATH\CodeIgniter.php(353): CodeIgniter\CodeIgniter->handleRequest(null, Object(Config\Cache), false)
 8 FCPATH\index.php(79): CodeIgniter\CodeIgniter->run()
 9 SYSTEMPATH\Commands\Server\rewrite.php(47): require_once('E:\\dev\\horarios\\public\\index.php')
INFO - 2023-10-31 05:21:03 --> Session: Class initialized using 'CodeIgniter\Session\Handlers\FileHandler' driver.
WARNING - 2023-10-31 05:21:03 --> [DEPRECATED] Creation of dynamic property App\Controllers\Docente\ExpedienteController::$session is deprecated in APPPATH\Controllers\Docente\ExpedienteController.php on line 20.
 1 SYSTEMPATH\CodeIgniter.php(919): App\Controllers\Docente\ExpedienteController->index()
 2 SYSTEMPATH\CodeIgniter.php(494): CodeIgniter\CodeIgniter->runController(Object(App\Controllers\Docente\ExpedienteController))
 3 SYSTEMPATH\CodeIgniter.php(353): CodeIgniter\CodeIgniter->handleRequest(null, Object(Config\Cache), false)
 4 FCPATH\index.php(79): CodeIgniter\CodeIgniter->run()
 5 SYSTEMPATH\Commands\Server\rewrite.php(47): require_once('E:\\dev\\horarios\\public\\index.php')
WARNING - 2023-10-31 05:21:03 --> [DEPRECATED] Creation of dynamic property CodeIgniter\View\View::$session is deprecated in APPPATH\Views\docente\expedientes\index.php on line 14.
 1 SYSTEMPATH\View\View.php(226): include('E:\\dev\\horarios\\app\\Views\\docente\\expedientes\\index.php')
 2 SYSTEMPATH\View\View.php(229): CodeIgniter\View\View->CodeIgniter\View\{closure}()
 3 SYSTEMPATH\Common.php(1188): CodeIgniter\View\View->render('docente/expedientes/index', [], true)
 4 APPPATH\Controllers\Docente\ExpedienteController.php(25): view('docente/expedientes/index', [...])
 5 SYSTEMPATH\CodeIgniter.php(919): App\Controllers\Docente\ExpedienteController->index()
 6 SYSTEMPATH\CodeIgniter.php(494): CodeIgniter\CodeIgniter->runController(Object(App\Controllers\Docente\ExpedienteController))
 7 SYSTEMPATH\CodeIgniter.php(353): CodeIgniter\CodeIgniter->handleRequest(null, Object(Config\Cache), false)
 8 FCPATH\index.php(79): CodeIgniter\CodeIgniter->run()
 9 SYSTEMPATH\Commands\Server\rewrite.php(47): require_once('E:\\dev\\horarios\\public\\index.php')
INFO - 2023-10-31 05:21:05 --> Session: Class initialized using 'CodeIgniter\Session\Handlers\FileHandler' driver.
WARNING - 2023-10-31 05:21:05 --> [DEPRECATED] Creation of dynamic property CodeIgniter\View\View::$session is deprecated in APPPATH\Views\docente\expedientes\edit.php on line 27.
 1 SYSTEMPATH\View\View.php(226): include('E:\\dev\\horarios\\app\\Views\\docente\\expedientes\\edit.php')
 2 SYSTEMPATH\View\View.php(229): CodeIgniter\View\View->CodeIgniter\View\{closure}()
 3 SYSTEMPATH\Common.php(1188): CodeIgniter\View\View->render('docente/expedientes/edit', [], true)
 4 APPPATH\Controllers\Docente\ExpedienteController.php(361): view('docente/expedientes/edit', [...])
 5 SYSTEMPATH\CodeIgniter.php(919): App\Controllers\Docente\ExpedienteController->edit('2')
 6 SYSTEMPATH\CodeIgniter.php(494): CodeIgniter\CodeIgniter->runController(Object(App\Controllers\Docente\ExpedienteController))
 7 SYSTEMPATH\CodeIgniter.php(353): CodeIgniter\CodeIgniter->handleRequest(null, Object(Config\Cache), false)
 8 FCPATH\index.php(79): CodeIgniter\CodeIgniter->run()
 9 SYSTEMPATH\Commands\Server\rewrite.php(47): require_once('E:\\dev\\horarios\\public\\index.php')
INFO - 2023-10-31 05:21:30 --> Session: Class initialized using 'CodeIgniter\Session\Handlers\FileHandler' driver.
WARNING - 2023-10-31 05:21:30 --> [DEPRECATED] Creation of dynamic property App\Controllers\Docente\ExpedienteController::$session is deprecated in APPPATH\Controllers\Docente\ExpedienteController.php on line 372.
 1 SYSTEMPATH\CodeIgniter.php(919): App\Controllers\Docente\ExpedienteController->update('2')
 2 SYSTEMPATH\CodeIgniter.php(494): CodeIgniter\CodeIgniter->runController(Object(App\Controllers\Docente\ExpedienteController))
 3 SYSTEMPATH\CodeIgniter.php(353): CodeIgniter\CodeIgniter->handleRequest(null, Object(Config\Cache), false)
 4 FCPATH\index.php(79): CodeIgniter\CodeIgniter->run()
 5 SYSTEMPATH\Commands\Server\rewrite.php(47): require_once('E:\\dev\\horarios\\public\\index.php')
INFO - 2023-10-31 05:21:30 --> Session: Class initialized using 'CodeIgniter\Session\Handlers\FileHandler' driver.
WARNING - 2023-10-31 05:21:30 --> [DEPRECATED] Creation of dynamic property App\Controllers\Docente\ExpedienteController::$session is deprecated in APPPATH\Controllers\Docente\ExpedienteController.php on line 20.
 1 SYSTEMPATH\CodeIgniter.php(919): App\Controllers\Docente\ExpedienteController->index()
 2 SYSTEMPATH\CodeIgniter.php(494): CodeIgniter\CodeIgniter->runController(Object(App\Controllers\Docente\ExpedienteController))
 3 SYSTEMPATH\CodeIgniter.php(353): CodeIgniter\CodeIgniter->handleRequest(null, Object(Config\Cache), false)
 4 FCPATH\index.php(79): CodeIgniter\CodeIgniter->run()
 5 SYSTEMPATH\Commands\Server\rewrite.php(47): require_once('E:\\dev\\horarios\\public\\index.php')
WARNING - 2023-10-31 05:21:30 --> [DEPRECATED] Creation of dynamic property CodeIgniter\View\View::$session is deprecated in APPPATH\Views\docente\expedientes\index.php on line 14.
 1 SYSTEMPATH\View\View.php(226): include('E:\\dev\\horarios\\app\\Views\\docente\\expedientes\\index.php')
 2 SYSTEMPATH\View\View.php(229): CodeIgniter\View\View->CodeIgniter\View\{closure}()
 3 SYSTEMPATH\Common.php(1188): CodeIgniter\View\View->render('docente/expedientes/index', [], true)
 4 APPPATH\Controllers\Docente\ExpedienteController.php(25): view('docente/expedientes/index', [...])
 5 SYSTEMPATH\CodeIgniter.php(919): App\Controllers\Docente\ExpedienteController->index()
 6 SYSTEMPATH\CodeIgniter.php(494): CodeIgniter\CodeIgniter->runController(Object(App\Controllers\Docente\ExpedienteController))
 7 SYSTEMPATH\CodeIgniter.php(353): CodeIgniter\CodeIgniter->handleRequest(null, Object(Config\Cache), false)
 8 FCPATH\index.php(79): CodeIgniter\CodeIgniter->run()
 9 SYSTEMPATH\Commands\Server\rewrite.php(47): require_once('E:\\dev\\horarios\\public\\index.php')
INFO - 2023-10-31 05:21:34 --> Session: Class initialized using 'CodeIgniter\Session\Handlers\FileHandler' driver.
WARNING - 2023-10-31 05:21:34 --> [DEPRECATED] Creation of dynamic property CodeIgniter\View\View::$session is deprecated in APPPATH\Views\docente\expedientes\edit.php on line 27.
 1 SYSTEMPATH\View\View.php(226): include('E:\\dev\\horarios\\app\\Views\\docente\\expedientes\\edit.php')
 2 SYSTEMPATH\View\View.php(229): CodeIgniter\View\View->CodeIgniter\View\{closure}()
 3 SYSTEMPATH\Common.php(1188): CodeIgniter\View\View->render('docente/expedientes/edit', [], true)
 4 APPPATH\Controllers\Docente\ExpedienteController.php(361): view('docente/expedientes/edit', [...])
 5 SYSTEMPATH\CodeIgniter.php(919): App\Controllers\Docente\ExpedienteController->edit('2')
 6 SYSTEMPATH\CodeIgniter.php(494): CodeIgniter\CodeIgniter->runController(Object(App\Controllers\Docente\ExpedienteController))
 7 SYSTEMPATH\CodeIgniter.php(353): CodeIgniter\CodeIgniter->handleRequest(null, Object(Config\Cache), false)
 8 FCPATH\index.php(79): CodeIgniter\CodeIgniter->run()
 9 SYSTEMPATH\Commands\Server\rewrite.php(47): require_once('E:\\dev\\horarios\\public\\index.php')
INFO - 2023-10-31 05:21:59 --> Session: Class initialized using 'CodeIgniter\Session\Handlers\FileHandler' driver.
WARNING - 2023-10-31 05:21:59 --> [DEPRECATED] Creation of dynamic property App\Controllers\Docente\ExpedienteController::$session is deprecated in APPPATH\Controllers\Docente\ExpedienteController.php on line 372.
 1 SYSTEMPATH\CodeIgniter.php(919): App\Controllers\Docente\ExpedienteController->update('2')
 2 SYSTEMPATH\CodeIgniter.php(494): CodeIgniter\CodeIgniter->runController(Object(App\Controllers\Docente\ExpedienteController))
 3 SYSTEMPATH\CodeIgniter.php(353): CodeIgniter\CodeIgniter->handleRequest(null, Object(Config\Cache), false)
 4 FCPATH\index.php(79): CodeIgniter\CodeIgniter->run()
 5 SYSTEMPATH\Commands\Server\rewrite.php(47): require_once('E:\\dev\\horarios\\public\\index.php')
INFO - 2023-10-31 05:21:59 --> Session: Class initialized using 'CodeIgniter\Session\Handlers\FileHandler' driver.
WARNING - 2023-10-31 05:21:59 --> [DEPRECATED] Creation of dynamic property App\Controllers\Docente\ExpedienteController::$session is deprecated in APPPATH\Controllers\Docente\ExpedienteController.php on line 20.
 1 SYSTEMPATH\CodeIgniter.php(919): App\Controllers\Docente\ExpedienteController->index()
 2 SYSTEMPATH\CodeIgniter.php(494): CodeIgniter\CodeIgniter->runController(Object(App\Controllers\Docente\ExpedienteController))
 3 SYSTEMPATH\CodeIgniter.php(353): CodeIgniter\CodeIgniter->handleRequest(null, Object(Config\Cache), false)
 4 FCPATH\index.php(79): CodeIgniter\CodeIgniter->run()
 5 SYSTEMPATH\Commands\Server\rewrite.php(47): require_once('E:\\dev\\horarios\\public\\index.php')
WARNING - 2023-10-31 05:21:59 --> [DEPRECATED] Creation of dynamic property CodeIgniter\View\View::$session is deprecated in APPPATH\Views\docente\expedientes\index.php on line 14.
 1 SYSTEMPATH\View\View.php(226): include('E:\\dev\\horarios\\app\\Views\\docente\\expedientes\\index.php')
 2 SYSTEMPATH\View\View.php(229): CodeIgniter\View\View->CodeIgniter\View\{closure}()
 3 SYSTEMPATH\Common.php(1188): CodeIgniter\View\View->render('docente/expedientes/index', [], true)
 4 APPPATH\Controllers\Docente\ExpedienteController.php(25): view('docente/expedientes/index', [...])
 5 SYSTEMPATH\CodeIgniter.php(919): App\Controllers\Docente\ExpedienteController->index()
 6 SYSTEMPATH\CodeIgniter.php(494): CodeIgniter\CodeIgniter->runController(Object(App\Controllers\Docente\ExpedienteController))
 7 SYSTEMPATH\CodeIgniter.php(353): CodeIgniter\CodeIgniter->handleRequest(null, Object(Config\Cache), false)
 8 FCPATH\index.php(79): CodeIgniter\CodeIgniter->run()
 9 SYSTEMPATH\Commands\Server\rewrite.php(47): require_once('E:\\dev\\horarios\\public\\index.php')
INFO - 2023-10-31 05:23:16 --> Session: Class initialized using 'CodeIgniter\Session\Handlers\FileHandler' driver.
WARNING - 2023-10-31 05:23:16 --> [DEPRECATED] Creation of dynamic property App\Controllers\Docente\ExpedienteController::$session is deprecated in APPPATH\Controllers\Docente\ExpedienteController.php on line 20.
 1 SYSTEMPATH\CodeIgniter.php(919): App\Controllers\Docente\ExpedienteController->index()
 2 SYSTEMPATH\CodeIgniter.php(494): CodeIgniter\CodeIgniter->runController(Object(App\Controllers\Docente\ExpedienteController))
 3 SYSTEMPATH\CodeIgniter.php(353): CodeIgniter\CodeIgniter->handleRequest(null, Object(Config\Cache), false)
 4 FCPATH\index.php(79): CodeIgniter\CodeIgniter->run()
 5 SYSTEMPATH\Commands\Server\rewrite.php(47): require_once('E:\\dev\\horarios\\public\\index.php')
WARNING - 2023-10-31 05:23:16 --> [DEPRECATED] Creation of dynamic property CodeIgniter\View\View::$session is deprecated in APPPATH\Views\docente\expedientes\index.php on line 14.
 1 SYSTEMPATH\View\View.php(226): include('E:\\dev\\horarios\\app\\Views\\docente\\expedientes\\index.php')
 2 SYSTEMPATH\View\View.php(229): CodeIgniter\View\View->CodeIgniter\View\{closure}()
 3 SYSTEMPATH\Common.php(1188): CodeIgniter\View\View->render('docente/expedientes/index', [], true)
 4 APPPATH\Controllers\Docente\ExpedienteController.php(25): view('docente/expedientes/index', [...])
 5 SYSTEMPATH\CodeIgniter.php(919): App\Controllers\Docente\ExpedienteController->index()
 6 SYSTEMPATH\CodeIgniter.php(494): CodeIgniter\CodeIgniter->runController(Object(App\Controllers\Docente\ExpedienteController))
 7 SYSTEMPATH\CodeIgniter.php(353): CodeIgniter\CodeIgniter->handleRequest(null, Object(Config\Cache), false)
 8 FCPATH\index.php(79): CodeIgniter\CodeIgniter->run()
 9 SYSTEMPATH\Commands\Server\rewrite.php(47): require_once('E:\\dev\\horarios\\public\\index.php')
INFO - 2023-10-31 05:23:48 --> Session: Class initialized using 'CodeIgniter\Session\Handlers\FileHandler' driver.
WARNING - 2023-10-31 05:23:48 --> [DEPRECATED] Creation of dynamic property App\Controllers\Docente\ExpedienteController::$session is deprecated in APPPATH\Controllers\Docente\ExpedienteController.php on line 20.
 1 SYSTEMPATH\CodeIgniter.php(919): App\Controllers\Docente\ExpedienteController->index()
 2 SYSTEMPATH\CodeIgniter.php(494): CodeIgniter\CodeIgniter->runController(Object(App\Controllers\Docente\ExpedienteController))
 3 SYSTEMPATH\CodeIgniter.php(353): CodeIgniter\CodeIgniter->handleRequest(null, Object(Config\Cache), false)
 4 FCPATH\index.php(79): CodeIgniter\CodeIgniter->run()
 5 SYSTEMPATH\Commands\Server\rewrite.php(47): require_once('E:\\dev\\horarios\\public\\index.php')
WARNING - 2023-10-31 05:23:48 --> [DEPRECATED] Creation of dynamic property CodeIgniter\View\View::$session is deprecated in APPPATH\Views\docente\expedientes\index.php on line 14.
 1 SYSTEMPATH\View\View.php(226): include('E:\\dev\\horarios\\app\\Views\\docente\\expedientes\\index.php')
 2 SYSTEMPATH\View\View.php(229): CodeIgniter\View\View->CodeIgniter\View\{closure}()
 3 SYSTEMPATH\Common.php(1188): CodeIgniter\View\View->render('docente/expedientes/index', [], true)
 4 APPPATH\Controllers\Docente\ExpedienteController.php(25): view('docente/expedientes/index', [...])
 5 SYSTEMPATH\CodeIgniter.php(919): App\Controllers\Docente\ExpedienteController->index()
 6 SYSTEMPATH\CodeIgniter.php(494): CodeIgniter\CodeIgniter->runController(Object(App\Controllers\Docente\ExpedienteController))
 7 SYSTEMPATH\CodeIgniter.php(353): CodeIgniter\CodeIgniter->handleRequest(null, Object(Config\Cache), false)
 8 FCPATH\index.php(79): CodeIgniter\CodeIgniter->run()
 9 SYSTEMPATH\Commands\Server\rewrite.php(47): require_once('E:\\dev\\horarios\\public\\index.php')
INFO - 2023-10-31 05:24:30 --> Session: Class initialized using 'CodeIgniter\Session\Handlers\FileHandler' driver.
WARNING - 2023-10-31 05:24:30 --> [DEPRECATED] Creation of dynamic property App\Controllers\Docente\ExpedienteController::$session is deprecated in APPPATH\Controllers\Docente\ExpedienteController.php on line 20.
 1 SYSTEMPATH\CodeIgniter.php(919): App\Controllers\Docente\ExpedienteController->index()
 2 SYSTEMPATH\CodeIgniter.php(494): CodeIgniter\CodeIgniter->runController(Object(App\Controllers\Docente\ExpedienteController))
 3 SYSTEMPATH\CodeIgniter.php(353): CodeIgniter\CodeIgniter->handleRequest(null, Object(Config\Cache), false)
 4 FCPATH\index.php(79): CodeIgniter\CodeIgniter->run()
 5 SYSTEMPATH\Commands\Server\rewrite.php(47): require_once('E:\\dev\\horarios\\public\\index.php')
WARNING - 2023-10-31 05:24:30 --> [DEPRECATED] Creation of dynamic property CodeIgniter\View\View::$session is deprecated in APPPATH\Views\docente\expedientes\index.php on line 14.
 1 SYSTEMPATH\View\View.php(226): include('E:\\dev\\horarios\\app\\Views\\docente\\expedientes\\index.php')
 2 SYSTEMPATH\View\View.php(229): CodeIgniter\View\View->CodeIgniter\View\{closure}()
 3 SYSTEMPATH\Common.php(1188): CodeIgniter\View\View->render('docente/expedientes/index', [], true)
 4 APPPATH\Controllers\Docente\ExpedienteController.php(25): view('docente/expedientes/index', [...])
 5 SYSTEMPATH\CodeIgniter.php(919): App\Controllers\Docente\ExpedienteController->index()
 6 SYSTEMPATH\CodeIgniter.php(494): CodeIgniter\CodeIgniter->runController(Object(App\Controllers\Docente\ExpedienteController))
 7 SYSTEMPATH\CodeIgniter.php(353): CodeIgniter\CodeIgniter->handleRequest(null, Object(Config\Cache), false)
 8 FCPATH\index.php(79): CodeIgniter\CodeIgniter->run()
 9 SYSTEMPATH\Commands\Server\rewrite.php(47): require_once('E:\\dev\\horarios\\public\\index.php')
INFO - 2023-10-31 05:26:35 --> Session: Class initialized using 'CodeIgniter\Session\Handlers\FileHandler' driver.
WARNING - 2023-10-31 05:26:35 --> [DEPRECATED] Creation of dynamic property App\Controllers\Docente\ExpedienteController::$session is deprecated in APPPATH\Controllers\Docente\ExpedienteController.php on line 20.
 1 SYSTEMPATH\CodeIgniter.php(919): App\Controllers\Docente\ExpedienteController->index()
 2 SYSTEMPATH\CodeIgniter.php(494): CodeIgniter\CodeIgniter->runController(Object(App\Controllers\Docente\ExpedienteController))
 3 SYSTEMPATH\CodeIgniter.php(353): CodeIgniter\CodeIgniter->handleRequest(null, Object(Config\Cache), false)
 4 FCPATH\index.php(79): CodeIgniter\CodeIgniter->run()
 5 SYSTEMPATH\Commands\Server\rewrite.php(47): require_once('E:\\dev\\horarios\\public\\index.php')
WARNING - 2023-10-31 05:26:35 --> [DEPRECATED] Creation of dynamic property CodeIgniter\View\View::$session is deprecated in APPPATH\Views\docente\expedientes\index.php on line 14.
 1 SYSTEMPATH\View\View.php(226): include('E:\\dev\\horarios\\app\\Views\\docente\\expedientes\\index.php')
 2 SYSTEMPATH\View\View.php(229): CodeIgniter\View\View->CodeIgniter\View\{closure}()
 3 SYSTEMPATH\Common.php(1188): CodeIgniter\View\View->render('docente/expedientes/index', [], true)
 4 APPPATH\Controllers\Docente\ExpedienteController.php(25): view('docente/expedientes/index', [...])
 5 SYSTEMPATH\CodeIgniter.php(919): App\Controllers\Docente\ExpedienteController->index()
 6 SYSTEMPATH\CodeIgniter.php(494): CodeIgniter\CodeIgniter->runController(Object(App\Controllers\Docente\ExpedienteController))
 7 SYSTEMPATH\CodeIgniter.php(353): CodeIgniter\CodeIgniter->handleRequest(null, Object(Config\Cache), false)
 8 FCPATH\index.php(79): CodeIgniter\CodeIgniter->run()
 9 SYSTEMPATH\Commands\Server\rewrite.php(47): require_once('E:\\dev\\horarios\\public\\index.php')
INFO - 2023-10-31 05:27:37 --> Session: Class initialized using 'CodeIgniter\Session\Handlers\FileHandler' driver.
WARNING - 2023-10-31 05:27:37 --> [DEPRECATED] Creation of dynamic property App\Controllers\Docente\ExpedienteController::$session is deprecated in APPPATH\Controllers\Docente\ExpedienteController.php on line 20.
 1 SYSTEMPATH\CodeIgniter.php(919): App\Controllers\Docente\ExpedienteController->index()
 2 SYSTEMPATH\CodeIgniter.php(494): CodeIgniter\CodeIgniter->runController(Object(App\Controllers\Docente\ExpedienteController))
 3 SYSTEMPATH\CodeIgniter.php(353): CodeIgniter\CodeIgniter->handleRequest(null, Object(Config\Cache), false)
 4 FCPATH\index.php(79): CodeIgniter\CodeIgniter->run()
 5 SYSTEMPATH\Commands\Server\rewrite.php(47): require_once('E:\\dev\\horarios\\public\\index.php')
WARNING - 2023-10-31 05:27:37 --> [DEPRECATED] Creation of dynamic property CodeIgniter\View\View::$session is deprecated in APPPATH\Views\docente\expedientes\index.php on line 14.
 1 SYSTEMPATH\View\View.php(226): include('E:\\dev\\horarios\\app\\Views\\docente\\expedientes\\index.php')
 2 SYSTEMPATH\View\View.php(229): CodeIgniter\View\View->CodeIgniter\View\{closure}()
 3 SYSTEMPATH\Common.php(1188): CodeIgniter\View\View->render('docente/expedientes/index', [], true)
 4 APPPATH\Controllers\Docente\ExpedienteController.php(25): view('docente/expedientes/index', [...])
 5 SYSTEMPATH\CodeIgniter.php(919): App\Controllers\Docente\ExpedienteController->index()
 6 SYSTEMPATH\CodeIgniter.php(494): CodeIgniter\CodeIgniter->runController(Object(App\Controllers\Docente\ExpedienteController))
 7 SYSTEMPATH\CodeIgniter.php(353): CodeIgniter\CodeIgniter->handleRequest(null, Object(Config\Cache), false)
 8 FCPATH\index.php(79): CodeIgniter\CodeIgniter->run()
 9 SYSTEMPATH\Commands\Server\rewrite.php(47): require_once('E:\\dev\\horarios\\public\\index.php')
INFO - 2023-10-31 05:27:50 --> Session: Class initialized using 'CodeIgniter\Session\Handlers\FileHandler' driver.
WARNING - 2023-10-31 05:27:50 --> [DEPRECATED] Creation of dynamic property App\Controllers\Docente\ExpedienteController::$session is deprecated in APPPATH\Controllers\Docente\ExpedienteController.php on line 20.
 1 SYSTEMPATH\CodeIgniter.php(919): App\Controllers\Docente\ExpedienteController->index()
 2 SYSTEMPATH\CodeIgniter.php(494): CodeIgniter\CodeIgniter->runController(Object(App\Controllers\Docente\ExpedienteController))
 3 SYSTEMPATH\CodeIgniter.php(353): CodeIgniter\CodeIgniter->handleRequest(null, Object(Config\Cache), false)
 4 FCPATH\index.php(79): CodeIgniter\CodeIgniter->run()
 5 SYSTEMPATH\Commands\Server\rewrite.php(47): require_once('E:\\dev\\horarios\\public\\index.php')
WARNING - 2023-10-31 05:27:50 --> [DEPRECATED] Creation of dynamic property CodeIgniter\View\View::$session is deprecated in APPPATH\Views\docente\expedientes\index.php on line 14.
 1 SYSTEMPATH\View\View.php(226): include('E:\\dev\\horarios\\app\\Views\\docente\\expedientes\\index.php')
 2 SYSTEMPATH\View\View.php(229): CodeIgniter\View\View->CodeIgniter\View\{closure}()
 3 SYSTEMPATH\Common.php(1188): CodeIgniter\View\View->render('docente/expedientes/index', [], true)
 4 APPPATH\Controllers\Docente\ExpedienteController.php(25): view('docente/expedientes/index', [...])
 5 SYSTEMPATH\CodeIgniter.php(919): App\Controllers\Docente\ExpedienteController->index()
 6 SYSTEMPATH\CodeIgniter.php(494): CodeIgniter\CodeIgniter->runController(Object(App\Controllers\Docente\ExpedienteController))
 7 SYSTEMPATH\CodeIgniter.php(353): CodeIgniter\CodeIgniter->handleRequest(null, Object(Config\Cache), false)
 8 FCPATH\index.php(79): CodeIgniter\CodeIgniter->run()
 9 SYSTEMPATH\Commands\Server\rewrite.php(47): require_once('E:\\dev\\horarios\\public\\index.php')
INFO - 2023-10-31 05:28:02 --> Session: Class initialized using 'CodeIgniter\Session\Handlers\FileHandler' driver.
WARNING - 2023-10-31 05:28:02 --> [DEPRECATED] Creation of dynamic property App\Controllers\Docente\ExpedienteController::$session is deprecated in APPPATH\Controllers\Docente\ExpedienteController.php on line 20.
 1 SYSTEMPATH\CodeIgniter.php(919): App\Controllers\Docente\ExpedienteController->index()
 2 SYSTEMPATH\CodeIgniter.php(494): CodeIgniter\CodeIgniter->runController(Object(App\Controllers\Docente\ExpedienteController))
 3 SYSTEMPATH\CodeIgniter.php(353): CodeIgniter\CodeIgniter->handleRequest(null, Object(Config\Cache), false)
 4 FCPATH\index.php(79): CodeIgniter\CodeIgniter->run()
 5 SYSTEMPATH\Commands\Server\rewrite.php(47): require_once('E:\\dev\\horarios\\public\\index.php')
WARNING - 2023-10-31 05:28:02 --> [DEPRECATED] Creation of dynamic property CodeIgniter\View\View::$session is deprecated in APPPATH\Views\docente\expedientes\index.php on line 14.
 1 SYSTEMPATH\View\View.php(226): include('E:\\dev\\horarios\\app\\Views\\docente\\expedientes\\index.php')
 2 SYSTEMPATH\View\View.php(229): CodeIgniter\View\View->CodeIgniter\View\{closure}()
 3 SYSTEMPATH\Common.php(1188): CodeIgniter\View\View->render('docente/expedientes/index', [], true)
 4 APPPATH\Controllers\Docente\ExpedienteController.php(25): view('docente/expedientes/index', [...])
 5 SYSTEMPATH\CodeIgniter.php(919): App\Controllers\Docente\ExpedienteController->index()
 6 SYSTEMPATH\CodeIgniter.php(494): CodeIgniter\CodeIgniter->runController(Object(App\Controllers\Docente\ExpedienteController))
 7 SYSTEMPATH\CodeIgniter.php(353): CodeIgniter\CodeIgniter->handleRequest(null, Object(Config\Cache), false)
 8 FCPATH\index.php(79): CodeIgniter\CodeIgniter->run()
 9 SYSTEMPATH\Commands\Server\rewrite.php(47): require_once('E:\\dev\\horarios\\public\\index.php')
INFO - 2023-10-31 05:28:13 --> Session: Class initialized using 'CodeIgniter\Session\Handlers\FileHandler' driver.
WARNING - 2023-10-31 05:28:13 --> [DEPRECATED] Creation of dynamic property CodeIgniter\View\View::$session is deprecated in APPPATH\Views\docente\expedientes\edit.php on line 27.
 1 SYSTEMPATH\View\View.php(226): include('E:\\dev\\horarios\\app\\Views\\docente\\expedientes\\edit.php')
 2 SYSTEMPATH\View\View.php(229): CodeIgniter\View\View->CodeIgniter\View\{closure}()
 3 SYSTEMPATH\Common.php(1188): CodeIgniter\View\View->render('docente/expedientes/edit', [], true)
 4 APPPATH\Controllers\Docente\ExpedienteController.php(361): view('docente/expedientes/edit', [...])
 5 SYSTEMPATH\CodeIgniter.php(919): App\Controllers\Docente\ExpedienteController->edit('2')
 6 SYSTEMPATH\CodeIgniter.php(494): CodeIgniter\CodeIgniter->runController(Object(App\Controllers\Docente\ExpedienteController))
 7 SYSTEMPATH\CodeIgniter.php(353): CodeIgniter\CodeIgniter->handleRequest(null, Object(Config\Cache), false)
 8 FCPATH\index.php(79): CodeIgniter\CodeIgniter->run()
 9 SYSTEMPATH\Commands\Server\rewrite.php(47): require_once('E:\\dev\\horarios\\public\\index.php')
INFO - 2023-10-31 05:28:15 --> Session: Class initialized using 'CodeIgniter\Session\Handlers\FileHandler' driver.
WARNING - 2023-10-31 05:28:15 --> [DEPRECATED] Creation of dynamic property App\Controllers\Docente\ExpedienteController::$session is deprecated in APPPATH\Controllers\Docente\ExpedienteController.php on line 20.
 1 SYSTEMPATH\CodeIgniter.php(919): App\Controllers\Docente\ExpedienteController->index()
 2 SYSTEMPATH\CodeIgniter.php(494): CodeIgniter\CodeIgniter->runController(Object(App\Controllers\Docente\ExpedienteController))
 3 SYSTEMPATH\CodeIgniter.php(353): CodeIgniter\CodeIgniter->handleRequest(null, Object(Config\Cache), false)
 4 FCPATH\index.php(79): CodeIgniter\CodeIgniter->run()
 5 SYSTEMPATH\Commands\Server\rewrite.php(47): require_once('E:\\dev\\horarios\\public\\index.php')
WARNING - 2023-10-31 05:28:15 --> [DEPRECATED] Creation of dynamic property CodeIgniter\View\View::$session is deprecated in APPPATH\Views\docente\expedientes\index.php on line 14.
 1 SYSTEMPATH\View\View.php(226): include('E:\\dev\\horarios\\app\\Views\\docente\\expedientes\\index.php')
 2 SYSTEMPATH\View\View.php(229): CodeIgniter\View\View->CodeIgniter\View\{closure}()
 3 SYSTEMPATH\Common.php(1188): CodeIgniter\View\View->render('docente/expedientes/index', [], true)
 4 APPPATH\Controllers\Docente\ExpedienteController.php(25): view('docente/expedientes/index', [...])
 5 SYSTEMPATH\CodeIgniter.php(919): App\Controllers\Docente\ExpedienteController->index()
 6 SYSTEMPATH\CodeIgniter.php(494): CodeIgniter\CodeIgniter->runController(Object(App\Controllers\Docente\ExpedienteController))
 7 SYSTEMPATH\CodeIgniter.php(353): CodeIgniter\CodeIgniter->handleRequest(null, Object(Config\Cache), false)
 8 FCPATH\index.php(79): CodeIgniter\CodeIgniter->run()
 9 SYSTEMPATH\Commands\Server\rewrite.php(47): require_once('E:\\dev\\horarios\\public\\index.php')
INFO - 2023-10-31 05:28:58 --> Session: Class initialized using 'CodeIgniter\Session\Handlers\FileHandler' driver.
INFO - 2023-10-31 05:28:58 --> Session: Class initialized using 'CodeIgniter\Session\Handlers\FileHandler' driver.
INFO - 2023-10-31 05:30:27 --> Session: Class initialized using 'CodeIgniter\Session\Handlers\FileHandler' driver.
INFO - 2023-10-31 05:30:36 --> Session: Class initialized using 'CodeIgniter\Session\Handlers\FileHandler' driver.
INFO - 2023-10-31 05:30:46 --> Session: Class initialized using 'CodeIgniter\Session\Handlers\FileHandler' driver.
INFO - 2023-10-31 05:30:46 --> Session: Class initialized using 'CodeIgniter\Session\Handlers\FileHandler' driver.
INFO - 2023-10-31 05:30:49 --> Session: Class initialized using 'CodeIgniter\Session\Handlers\FileHandler' driver.
WARNING - 2023-10-31 05:30:49 --> [DEPRECATED] Creation of dynamic property App\Controllers\Docente\ExpedienteController::$session is deprecated in APPPATH\Controllers\Docente\ExpedienteController.php on line 20.
 1 SYSTEMPATH\CodeIgniter.php(919): App\Controllers\Docente\ExpedienteController->index()
 2 SYSTEMPATH\CodeIgniter.php(494): CodeIgniter\CodeIgniter->runController(Object(App\Controllers\Docente\ExpedienteController))
 3 SYSTEMPATH\CodeIgniter.php(353): CodeIgniter\CodeIgniter->handleRequest(null, Object(Config\Cache), false)
 4 FCPATH\index.php(79): CodeIgniter\CodeIgniter->run()
 5 SYSTEMPATH\Commands\Server\rewrite.php(47): require_once('E:\\dev\\horarios\\public\\index.php')
WARNING - 2023-10-31 05:30:49 --> [DEPRECATED] Creation of dynamic property CodeIgniter\View\View::$session is deprecated in APPPATH\Views\docente\expedientes\index.php on line 14.
 1 SYSTEMPATH\View\View.php(226): include('E:\\dev\\horarios\\app\\Views\\docente\\expedientes\\index.php')
 2 SYSTEMPATH\View\View.php(229): CodeIgniter\View\View->CodeIgniter\View\{closure}()
 3 SYSTEMPATH\Common.php(1188): CodeIgniter\View\View->render('docente/expedientes/index', [], true)
 4 APPPATH\Controllers\Docente\ExpedienteController.php(25): view('docente/expedientes/index', [...])
 5 SYSTEMPATH\CodeIgniter.php(919): App\Controllers\Docente\ExpedienteController->index()
 6 SYSTEMPATH\CodeIgniter.php(494): CodeIgniter\CodeIgniter->runController(Object(App\Controllers\Docente\ExpedienteController))
 7 SYSTEMPATH\CodeIgniter.php(353): CodeIgniter\CodeIgniter->handleRequest(null, Object(Config\Cache), false)
 8 FCPATH\index.php(79): CodeIgniter\CodeIgniter->run()
 9 SYSTEMPATH\Commands\Server\rewrite.php(47): require_once('E:\\dev\\horarios\\public\\index.php')
INFO - 2023-10-31 05:31:32 --> Session: Class initialized using 'CodeIgniter\Session\Handlers\FileHandler' driver.
WARNING - 2023-10-31 05:31:32 --> [DEPRECATED] Creation of dynamic property App\Controllers\Docente\ExpedienteController::$session is deprecated in APPPATH\Controllers\Docente\ExpedienteController.php on line 20.
 1 SYSTEMPATH\CodeIgniter.php(919): App\Controllers\Docente\ExpedienteController->index()
 2 SYSTEMPATH\CodeIgniter.php(494): CodeIgniter\CodeIgniter->runController(Object(App\Controllers\Docente\ExpedienteController))
 3 SYSTEMPATH\CodeIgniter.php(353): CodeIgniter\CodeIgniter->handleRequest(null, Object(Config\Cache), false)
 4 FCPATH\index.php(79): CodeIgniter\CodeIgniter->run()
 5 SYSTEMPATH\Commands\Server\rewrite.php(47): require_once('E:\\dev\\horarios\\public\\index.php')
CRITICAL - 2023-10-31 05:31:32 --> Undefined property: CodeIgniter\View\View::$session
in APPPATH\Views\docente\expedientes\index.php on line 16.
 1 APPPATH\Views\docente\expedientes\index.php(16): CodeIgniter\Debug\Exceptions->errorHandler(2, 'Undefined property: CodeIgniter\\View\\View::$session', 'E:\\dev\\horarios\\app\\Views\\docente\\expedientes\\index.php', 16)
 2 SYSTEMPATH\View\View.php(226): include('E:\\dev\\horarios\\app\\Views\\docente\\expedientes\\index.php')
 3 SYSTEMPATH\View\View.php(229): CodeIgniter\View\View->CodeIgniter\View\{closure}()
 4 SYSTEMPATH\Common.php(1188): CodeIgniter\View\View->render('docente/expedientes/index', [], true)
 5 APPPATH\Controllers\Docente\ExpedienteController.php(25): view('docente/expedientes/index', [...])
 6 SYSTEMPATH\CodeIgniter.php(919): App\Controllers\Docente\ExpedienteController->index()
 7 SYSTEMPATH\CodeIgniter.php(494): CodeIgniter\CodeIgniter->runController(Object(App\Controllers\Docente\ExpedienteController))
 8 SYSTEMPATH\CodeIgniter.php(353): CodeIgniter\CodeIgniter->handleRequest(null, Object(Config\Cache), false)
 9 FCPATH\index.php(79): CodeIgniter\CodeIgniter->run()
10 SYSTEMPATH\Commands\Server\rewrite.php(47): require_once('E:\\dev\\horarios\\public\\index.php')
INFO - 2023-10-31 05:31:54 --> Session: Class initialized using 'CodeIgniter\Session\Handlers\FileHandler' driver.
WARNING - 2023-10-31 05:31:54 --> [DEPRECATED] Creation of dynamic property App\Controllers\Docente\ExpedienteController::$session is deprecated in APPPATH\Controllers\Docente\ExpedienteController.php on line 20.
 1 SYSTEMPATH\CodeIgniter.php(919): App\Controllers\Docente\ExpedienteController->index()
 2 SYSTEMPATH\CodeIgniter.php(494): CodeIgniter\CodeIgniter->runController(Object(App\Controllers\Docente\ExpedienteController))
 3 SYSTEMPATH\CodeIgniter.php(353): CodeIgniter\CodeIgniter->handleRequest(null, Object(Config\Cache), false)
 4 FCPATH\index.php(79): CodeIgniter\CodeIgniter->run()
 5 SYSTEMPATH\Commands\Server\rewrite.php(47): require_once('E:\\dev\\horarios\\public\\index.php')
INFO - 2023-10-31 05:32:00 --> Session: Class initialized using 'CodeIgniter\Session\Handlers\FileHandler' driver.
INFO - 2023-10-31 05:32:03 --> Session: Class initialized using 'CodeIgniter\Session\Handlers\FileHandler' driver.
WARNING - 2023-10-31 05:32:03 --> [DEPRECATED] Creation of dynamic property App\Controllers\Docente\ExpedienteController::$session is deprecated in APPPATH\Controllers\Docente\ExpedienteController.php on line 20.
 1 SYSTEMPATH\CodeIgniter.php(919): App\Controllers\Docente\ExpedienteController->index()
 2 SYSTEMPATH\CodeIgniter.php(494): CodeIgniter\CodeIgniter->runController(Object(App\Controllers\Docente\ExpedienteController))
 3 SYSTEMPATH\CodeIgniter.php(353): CodeIgniter\CodeIgniter->handleRequest(null, Object(Config\Cache), false)
 4 FCPATH\index.php(79): CodeIgniter\CodeIgniter->run()
 5 SYSTEMPATH\Commands\Server\rewrite.php(47): require_once('E:\\dev\\horarios\\public\\index.php')
INFO - 2023-10-31 05:32:30 --> Session: Class initialized using 'CodeIgniter\Session\Handlers\FileHandler' driver.
INFO - 2023-10-31 05:32:30 --> Session: Class initialized using 'CodeIgniter\Session\Handlers\FileHandler' driver.
INFO - 2023-10-31 05:32:33 --> Session: Class initialized using 'CodeIgniter\Session\Handlers\FileHandler' driver.
WARNING - 2023-10-31 05:32:33 --> [DEPRECATED] Creation of dynamic property App\Controllers\Docente\ExpedienteController::$session is deprecated in APPPATH\Controllers\Docente\ExpedienteController.php on line 20.
 1 SYSTEMPATH\CodeIgniter.php(919): App\Controllers\Docente\ExpedienteController->index()
 2 SYSTEMPATH\CodeIgniter.php(494): CodeIgniter\CodeIgniter->runController(Object(App\Controllers\Docente\ExpedienteController))
 3 SYSTEMPATH\CodeIgniter.php(353): CodeIgniter\CodeIgniter->handleRequest(null, Object(Config\Cache), false)
 4 FCPATH\index.php(79): CodeIgniter\CodeIgniter->run()
 5 SYSTEMPATH\Commands\Server\rewrite.php(47): require_once('E:\\dev\\horarios\\public\\index.php')
WARNING - 2023-10-31 05:32:34 --> [DEPRECATED] Creation of dynamic property CodeIgniter\View\View::$session is deprecated in APPPATH\Views\docente\expedientes\index.php on line 10.
 1 SYSTEMPATH\View\View.php(226): include('E:\\dev\\horarios\\app\\Views\\docente\\expedientes\\index.php')
 2 SYSTEMPATH\View\View.php(229): CodeIgniter\View\View->CodeIgniter\View\{closure}()
 3 SYSTEMPATH\Common.php(1188): CodeIgniter\View\View->render('docente/expedientes/index', [], true)
 4 APPPATH\Controllers\Docente\ExpedienteController.php(25): view('docente/expedientes/index', [...])
 5 SYSTEMPATH\CodeIgniter.php(919): App\Controllers\Docente\ExpedienteController->index()
 6 SYSTEMPATH\CodeIgniter.php(494): CodeIgniter\CodeIgniter->runController(Object(App\Controllers\Docente\ExpedienteController))
 7 SYSTEMPATH\CodeIgniter.php(353): CodeIgniter\CodeIgniter->handleRequest(null, Object(Config\Cache), false)
 8 FCPATH\index.php(79): CodeIgniter\CodeIgniter->run()
 9 SYSTEMPATH\Commands\Server\rewrite.php(47): require_once('E:\\dev\\horarios\\public\\index.php')
INFO - 2023-10-31 05:32:45 --> Session: Class initialized using 'CodeIgniter\Session\Handlers\FileHandler' driver.
WARNING - 2023-10-31 05:32:45 --> [DEPRECATED] Creation of dynamic property CodeIgniter\View\View::$session is deprecated in APPPATH\Views\docente\expedientes\edit.php on line 27.
 1 SYSTEMPATH\View\View.php(226): include('E:\\dev\\horarios\\app\\Views\\docente\\expedientes\\edit.php')
 2 SYSTEMPATH\View\View.php(229): CodeIgniter\View\View->CodeIgniter\View\{closure}()
 3 SYSTEMPATH\Common.php(1188): CodeIgniter\View\View->render('docente/expedientes/edit', [], true)
 4 APPPATH\Controllers\Docente\ExpedienteController.php(361): view('docente/expedientes/edit', [...])
 5 SYSTEMPATH\CodeIgniter.php(919): App\Controllers\Docente\ExpedienteController->edit('2')
 6 SYSTEMPATH\CodeIgniter.php(494): CodeIgniter\CodeIgniter->runController(Object(App\Controllers\Docente\ExpedienteController))
 7 SYSTEMPATH\CodeIgniter.php(353): CodeIgniter\CodeIgniter->handleRequest(null, Object(Config\Cache), false)
 8 FCPATH\index.php(79): CodeIgniter\CodeIgniter->run()
 9 SYSTEMPATH\Commands\Server\rewrite.php(47): require_once('E:\\dev\\horarios\\public\\index.php')
INFO - 2023-10-31 05:34:42 --> Session: Class initialized using 'CodeIgniter\Session\Handlers\FileHandler' driver.
WARNING - 2023-10-31 05:34:42 --> [DEPRECATED] Creation of dynamic property CodeIgniter\View\View::$session is deprecated in APPPATH\Views\docente\expedientes\edit.php on line 27.
 1 SYSTEMPATH\View\View.php(226): include('E:\\dev\\horarios\\app\\Views\\docente\\expedientes\\edit.php')
 2 SYSTEMPATH\View\View.php(229): CodeIgniter\View\View->CodeIgniter\View\{closure}()
 3 SYSTEMPATH\Common.php(1188): CodeIgniter\View\View->render('docente/expedientes/edit', [], true)
 4 APPPATH\Controllers\Docente\ExpedienteController.php(361): view('docente/expedientes/edit', [...])
 5 SYSTEMPATH\CodeIgniter.php(919): App\Controllers\Docente\ExpedienteController->edit('2')
 6 SYSTEMPATH\CodeIgniter.php(494): CodeIgniter\CodeIgniter->runController(Object(App\Controllers\Docente\ExpedienteController))
 7 SYSTEMPATH\CodeIgniter.php(353): CodeIgniter\CodeIgniter->handleRequest(null, Object(Config\Cache), false)
 8 FCPATH\index.php(79): CodeIgniter\CodeIgniter->run()
 9 SYSTEMPATH\Commands\Server\rewrite.php(47): require_once('E:\\dev\\horarios\\public\\index.php')
INFO - 2023-10-31 05:35:01 --> Session: Class initialized using 'CodeIgniter\Session\Handlers\FileHandler' driver.
WARNING - 2023-10-31 05:35:01 --> [DEPRECATED] Creation of dynamic property App\Controllers\Docente\ExpedienteController::$session is deprecated in APPPATH\Controllers\Docente\ExpedienteController.php on line 372.
 1 SYSTEMPATH\CodeIgniter.php(919): App\Controllers\Docente\ExpedienteController->update('2')
 2 SYSTEMPATH\CodeIgniter.php(494): CodeIgniter\CodeIgniter->runController(Object(App\Controllers\Docente\ExpedienteController))
 3 SYSTEMPATH\CodeIgniter.php(353): CodeIgniter\CodeIgniter->handleRequest(null, Object(Config\Cache), false)
 4 FCPATH\index.php(79): CodeIgniter\CodeIgniter->run()
 5 SYSTEMPATH\Commands\Server\rewrite.php(47): require_once('E:\\dev\\horarios\\public\\index.php')
INFO - 2023-10-31 05:35:01 --> Session: Class initialized using 'CodeIgniter\Session\Handlers\FileHandler' driver.
WARNING - 2023-10-31 05:35:01 --> [DEPRECATED] Creation of dynamic property App\Controllers\Docente\ExpedienteController::$session is deprecated in APPPATH\Controllers\Docente\ExpedienteController.php on line 20.
 1 SYSTEMPATH\CodeIgniter.php(919): App\Controllers\Docente\ExpedienteController->index()
 2 SYSTEMPATH\CodeIgniter.php(494): CodeIgniter\CodeIgniter->runController(Object(App\Controllers\Docente\ExpedienteController))
 3 SYSTEMPATH\CodeIgniter.php(353): CodeIgniter\CodeIgniter->handleRequest(null, Object(Config\Cache), false)
 4 FCPATH\index.php(79): CodeIgniter\CodeIgniter->run()
 5 SYSTEMPATH\Commands\Server\rewrite.php(47): require_once('E:\\dev\\horarios\\public\\index.php')
WARNING - 2023-10-31 05:35:01 --> [DEPRECATED] Creation of dynamic property CodeIgniter\View\View::$session is deprecated in APPPATH\Views\docente\expedientes\index.php on line 10.
 1 SYSTEMPATH\View\View.php(226): include('E:\\dev\\horarios\\app\\Views\\docente\\expedientes\\index.php')
 2 SYSTEMPATH\View\View.php(229): CodeIgniter\View\View->CodeIgniter\View\{closure}()
 3 SYSTEMPATH\Common.php(1188): CodeIgniter\View\View->render('docente/expedientes/index', [], true)
 4 APPPATH\Controllers\Docente\ExpedienteController.php(25): view('docente/expedientes/index', [...])
 5 SYSTEMPATH\CodeIgniter.php(919): App\Controllers\Docente\ExpedienteController->index()
 6 SYSTEMPATH\CodeIgniter.php(494): CodeIgniter\CodeIgniter->runController(Object(App\Controllers\Docente\ExpedienteController))
 7 SYSTEMPATH\CodeIgniter.php(353): CodeIgniter\CodeIgniter->handleRequest(null, Object(Config\Cache), false)
 8 FCPATH\index.php(79): CodeIgniter\CodeIgniter->run()
 9 SYSTEMPATH\Commands\Server\rewrite.php(47): require_once('E:\\dev\\horarios\\public\\index.php')
INFO - 2023-10-31 05:40:47 --> Session: Class initialized using 'CodeIgniter\Session\Handlers\FileHandler' driver.
INFO - 2023-10-31 05:40:48 --> Session: Class initialized using 'CodeIgniter\Session\Handlers\FileHandler' driver.
INFO - 2023-10-31 05:40:56 --> Session: Class initialized using 'CodeIgniter\Session\Handlers\FileHandler' driver.
WARNING - 2023-10-31 05:40:56 --> [DEPRECATED] Creation of dynamic property App\Controllers\Admin\AsignaturaController::$session is deprecated in APPPATH\Controllers\Admin\AsignaturaController.php on line 16.
 1 SYSTEMPATH\CodeIgniter.php(891): App\Controllers\Admin\AsignaturaController->__construct()
 2 SYSTEMPATH\CodeIgniter.php(485): CodeIgniter\CodeIgniter->createController()
 3 SYSTEMPATH\CodeIgniter.php(353): CodeIgniter\CodeIgniter->handleRequest(null, Object(Config\Cache), false)
 4 FCPATH\index.php(79): CodeIgniter\CodeIgniter->run()
 5 SYSTEMPATH\Commands\Server\rewrite.php(47): require_once('E:\\dev\\horarios\\public\\index.php')
INFO - 2023-10-31 05:40:59 --> Session: Class initialized using 'CodeIgniter\Session\Handlers\FileHandler' driver.
WARNING - 2023-10-31 05:40:59 --> [DEPRECATED] Creation of dynamic property App\Controllers\Admin\AsignaturaController::$session is deprecated in APPPATH\Controllers\Admin\AsignaturaController.php on line 16.
 1 SYSTEMPATH\CodeIgniter.php(891): App\Controllers\Admin\AsignaturaController->__construct()
 2 SYSTEMPATH\CodeIgniter.php(485): CodeIgniter\CodeIgniter->createController()
 3 SYSTEMPATH\CodeIgniter.php(353): CodeIgniter\CodeIgniter->handleRequest(null, Object(Config\Cache), false)
 4 FCPATH\index.php(79): CodeIgniter\CodeIgniter->run()
 5 SYSTEMPATH\Commands\Server\rewrite.php(47): require_once('E:\\dev\\horarios\\public\\index.php')
