INFO - 2023-11-01 06:13:43 --> Session: Class initialized using 'CodeIgniter\Session\Handlers\FileHandler' driver.
INFO - 2023-11-01 06:13:43 --> Session: Class initialized using 'CodeIgniter\Session\Handlers\FileHandler' driver.
INFO - 2023-11-01 06:13:46 --> Session: Class initialized using 'CodeIgniter\Session\Handlers\FileHandler' driver.
WARNING - 2023-11-01 06:13:46 --> [DEPRECATED] Creation of dynamic property App\Controllers\Admin\CarreraController::$session is deprecated in APPPATH\Controllers\Admin\CarreraController.php on line 15.
 1 SYSTEMPATH\CodeIgniter.php(891): App\Controllers\Admin\CarreraController->__construct()
 2 SYSTEMPATH\CodeIgniter.php(485): CodeIgniter\CodeIgniter->createController()
 3 SYSTEMPATH\CodeIgniter.php(353): CodeIgniter\CodeIgniter->handleRequest(null, Object(Config\Cache), false)
 4 FCPATH\index.php(79): CodeIgniter\CodeIgniter->run()
 5 SYSTEMPATH\Commands\Server\rewrite.php(47): require_once('E:\\dev\\horarios\\public\\index.php')
INFO - 2023-11-01 06:13:49 --> Session: Class initialized using 'CodeIgniter\Session\Handlers\FileHandler' driver.
WARNING - 2023-11-01 06:13:49 --> [DEPRECATED] Creation of dynamic property App\Controllers\Admin\CarreraController::$session is deprecated in APPPATH\Controllers\Admin\CarreraController.php on line 15.
 1 SYSTEMPATH\CodeIgniter.php(891): App\Controllers\Admin\CarreraController->__construct()
 2 SYSTEMPATH\CodeIgniter.php(485): CodeIgniter\CodeIgniter->createController()
 3 SYSTEMPATH\CodeIgniter.php(353): CodeIgniter\CodeIgniter->handleRequest(null, Object(Config\Cache), false)
 4 FCPATH\index.php(79): CodeIgniter\CodeIgniter->run()
 5 SYSTEMPATH\Commands\Server\rewrite.php(47): require_once('E:\\dev\\horarios\\public\\index.php')
INFO - 2023-11-01 06:16:20 --> Session: Class initialized using 'CodeIgniter\Session\Handlers\FileHandler' driver.
WARNING - 2023-11-01 06:16:20 --> [DEPRECATED] Creation of dynamic property App\Controllers\Admin\CarreraController::$session is deprecated in APPPATH\Controllers\Admin\CarreraController.php on line 15.
 1 SYSTEMPATH\CodeIgniter.php(891): App\Controllers\Admin\CarreraController->__construct()
 2 SYSTEMPATH\CodeIgniter.php(485): CodeIgniter\CodeIgniter->createController()
 3 SYSTEMPATH\CodeIgniter.php(353): CodeIgniter\CodeIgniter->handleRequest(null, Object(Config\Cache), false)
 4 FCPATH\index.php(79): CodeIgniter\CodeIgniter->run()
 5 SYSTEMPATH\Commands\Server\rewrite.php(47): require_once('E:\\dev\\horarios\\public\\index.php')
INFO - 2023-11-01 06:16:22 --> Session: Class initialized using 'CodeIgniter\Session\Handlers\FileHandler' driver.
WARNING - 2023-11-01 06:16:22 --> [DEPRECATED] Creation of dynamic property App\Controllers\Admin\CarreraController::$session is deprecated in APPPATH\Controllers\Admin\CarreraController.php on line 15.
 1 SYSTEMPATH\CodeIgniter.php(891): App\Controllers\Admin\CarreraController->__construct()
 2 SYSTEMPATH\CodeIgniter.php(485): CodeIgniter\CodeIgniter->createController()
 3 SYSTEMPATH\CodeIgniter.php(353): CodeIgniter\CodeIgniter->handleRequest(null, Object(Config\Cache), false)
 4 FCPATH\index.php(79): CodeIgniter\CodeIgniter->run()
 5 SYSTEMPATH\Commands\Server\rewrite.php(47): require_once('E:\\dev\\horarios\\public\\index.php')
INFO - 2023-11-01 06:16:33 --> Session: Class initialized using 'CodeIgniter\Session\Handlers\FileHandler' driver.
WARNING - 2023-11-01 06:16:33 --> [DEPRECATED] Creation of dynamic property App\Controllers\Admin\CarreraController::$session is deprecated in APPPATH\Controllers\Admin\CarreraController.php on line 15.
 1 SYSTEMPATH\CodeIgniter.php(891): App\Controllers\Admin\CarreraController->__construct()
 2 SYSTEMPATH\CodeIgniter.php(485): CodeIgniter\CodeIgniter->createController()
 3 SYSTEMPATH\CodeIgniter.php(353): CodeIgniter\CodeIgniter->handleRequest(null, Object(Config\Cache), false)
 4 FCPATH\index.php(79): CodeIgniter\CodeIgniter->run()
 5 SYSTEMPATH\Commands\Server\rewrite.php(47): require_once('E:\\dev\\horarios\\public\\index.php')
INFO - 2023-11-01 06:16:33 --> Session: Class initialized using 'CodeIgniter\Session\Handlers\FileHandler' driver.
WARNING - 2023-11-01 06:16:33 --> [DEPRECATED] Creation of dynamic property App\Controllers\Admin\CarreraController::$session is deprecated in APPPATH\Controllers\Admin\CarreraController.php on line 15.
 1 SYSTEMPATH\CodeIgniter.php(891): App\Controllers\Admin\CarreraController->__construct()
 2 SYSTEMPATH\CodeIgniter.php(485): CodeIgniter\CodeIgniter->createController()
 3 SYSTEMPATH\CodeIgniter.php(353): CodeIgniter\CodeIgniter->handleRequest(null, Object(Config\Cache), false)
 4 FCPATH\index.php(79): CodeIgniter\CodeIgniter->run()
 5 SYSTEMPATH\Commands\Server\rewrite.php(47): require_once('E:\\dev\\horarios\\public\\index.php')
INFO - 2023-11-01 06:16:36 --> Session: Class initialized using 'CodeIgniter\Session\Handlers\FileHandler' driver.
WARNING - 2023-11-01 06:16:36 --> [DEPRECATED] Creation of dynamic property App\Controllers\Admin\CarreraController::$session is deprecated in APPPATH\Controllers\Admin\CarreraController.php on line 15.
 1 SYSTEMPATH\CodeIgniter.php(891): App\Controllers\Admin\CarreraController->__construct()
 2 SYSTEMPATH\CodeIgniter.php(485): CodeIgniter\CodeIgniter->createController()
 3 SYSTEMPATH\CodeIgniter.php(353): CodeIgniter\CodeIgniter->handleRequest(null, Object(Config\Cache), false)
 4 FCPATH\index.php(79): CodeIgniter\CodeIgniter->run()
 5 SYSTEMPATH\Commands\Server\rewrite.php(47): require_once('E:\\dev\\horarios\\public\\index.php')
INFO - 2023-11-01 06:16:44 --> Session: Class initialized using 'CodeIgniter\Session\Handlers\FileHandler' driver.
WARNING - 2023-11-01 06:16:44 --> [DEPRECATED] Creation of dynamic property App\Controllers\Admin\CarreraController::$session is deprecated in APPPATH\Controllers\Admin\CarreraController.php on line 15.
 1 SYSTEMPATH\CodeIgniter.php(891): App\Controllers\Admin\CarreraController->__construct()
 2 SYSTEMPATH\CodeIgniter.php(485): CodeIgniter\CodeIgniter->createController()
 3 SYSTEMPATH\CodeIgniter.php(353): CodeIgniter\CodeIgniter->handleRequest(null, Object(Config\Cache), false)
 4 FCPATH\index.php(79): CodeIgniter\CodeIgniter->run()
 5 SYSTEMPATH\Commands\Server\rewrite.php(47): require_once('E:\\dev\\horarios\\public\\index.php')
INFO - 2023-11-01 06:16:45 --> Session: Class initialized using 'CodeIgniter\Session\Handlers\FileHandler' driver.
WARNING - 2023-11-01 06:16:45 --> [DEPRECATED] Creation of dynamic property App\Controllers\Admin\CarreraController::$session is deprecated in APPPATH\Controllers\Admin\CarreraController.php on line 15.
 1 SYSTEMPATH\CodeIgniter.php(891): App\Controllers\Admin\CarreraController->__construct()
 2 SYSTEMPATH\CodeIgniter.php(485): CodeIgniter\CodeIgniter->createController()
 3 SYSTEMPATH\CodeIgniter.php(353): CodeIgniter\CodeIgniter->handleRequest(null, Object(Config\Cache), false)
 4 FCPATH\index.php(79): CodeIgniter\CodeIgniter->run()
 5 SYSTEMPATH\Commands\Server\rewrite.php(47): require_once('E:\\dev\\horarios\\public\\index.php')
INFO - 2023-11-01 06:19:25 --> Session: Class initialized using 'CodeIgniter\Session\Handlers\FileHandler' driver.
WARNING - 2023-11-01 06:19:25 --> [DEPRECATED] Creation of dynamic property App\Controllers\Admin\CarreraController::$session is deprecated in APPPATH\Controllers\Admin\CarreraController.php on line 15.
 1 SYSTEMPATH\CodeIgniter.php(891): App\Controllers\Admin\CarreraController->__construct()
 2 SYSTEMPATH\CodeIgniter.php(485): CodeIgniter\CodeIgniter->createController()
 3 SYSTEMPATH\CodeIgniter.php(353): CodeIgniter\CodeIgniter->handleRequest(null, Object(Config\Cache), false)
 4 FCPATH\index.php(79): CodeIgniter\CodeIgniter->run()
 5 SYSTEMPATH\Commands\Server\rewrite.php(47): require_once('E:\\dev\\horarios\\public\\index.php')
INFO - 2023-11-01 06:19:28 --> Session: Class initialized using 'CodeIgniter\Session\Handlers\FileHandler' driver.
WARNING - 2023-11-01 06:19:28 --> [DEPRECATED] Creation of dynamic property App\Controllers\Admin\CarreraController::$session is deprecated in APPPATH\Controllers\Admin\CarreraController.php on line 15.
 1 SYSTEMPATH\CodeIgniter.php(891): App\Controllers\Admin\CarreraController->__construct()
 2 SYSTEMPATH\CodeIgniter.php(485): CodeIgniter\CodeIgniter->createController()
 3 SYSTEMPATH\CodeIgniter.php(353): CodeIgniter\CodeIgniter->handleRequest(null, Object(Config\Cache), false)
 4 FCPATH\index.php(79): CodeIgniter\CodeIgniter->run()
 5 SYSTEMPATH\Commands\Server\rewrite.php(47): require_once('E:\\dev\\horarios\\public\\index.php')
INFO - 2023-11-01 06:19:29 --> Session: Class initialized using 'CodeIgniter\Session\Handlers\FileHandler' driver.
WARNING - 2023-11-01 06:19:29 --> [DEPRECATED] Creation of dynamic property App\Controllers\Admin\CarreraController::$session is deprecated in APPPATH\Controllers\Admin\CarreraController.php on line 15.
 1 SYSTEMPATH\CodeIgniter.php(891): App\Controllers\Admin\CarreraController->__construct()
 2 SYSTEMPATH\CodeIgniter.php(485): CodeIgniter\CodeIgniter->createController()
 3 SYSTEMPATH\CodeIgniter.php(353): CodeIgniter\CodeIgniter->handleRequest(null, Object(Config\Cache), false)
 4 FCPATH\index.php(79): CodeIgniter\CodeIgniter->run()
 5 SYSTEMPATH\Commands\Server\rewrite.php(47): require_once('E:\\dev\\horarios\\public\\index.php')
INFO - 2023-11-01 06:19:32 --> Session: Class initialized using 'CodeIgniter\Session\Handlers\FileHandler' driver.
WARNING - 2023-11-01 06:19:32 --> [DEPRECATED] Creation of dynamic property App\Controllers\Admin\CarreraController::$session is deprecated in APPPATH\Controllers\Admin\CarreraController.php on line 15.
 1 SYSTEMPATH\CodeIgniter.php(891): App\Controllers\Admin\CarreraController->__construct()
 2 SYSTEMPATH\CodeIgniter.php(485): CodeIgniter\CodeIgniter->createController()
 3 SYSTEMPATH\CodeIgniter.php(353): CodeIgniter\CodeIgniter->handleRequest(null, Object(Config\Cache), false)
 4 FCPATH\index.php(79): CodeIgniter\CodeIgniter->run()
 5 SYSTEMPATH\Commands\Server\rewrite.php(47): require_once('E:\\dev\\horarios\\public\\index.php')
INFO - 2023-11-01 06:19:41 --> Session: Class initialized using 'CodeIgniter\Session\Handlers\FileHandler' driver.
WARNING - 2023-11-01 06:19:41 --> [DEPRECATED] Creation of dynamic property App\Controllers\Admin\CarreraController::$session is deprecated in APPPATH\Controllers\Admin\CarreraController.php on line 15.
 1 SYSTEMPATH\CodeIgniter.php(891): App\Controllers\Admin\CarreraController->__construct()
 2 SYSTEMPATH\CodeIgniter.php(485): CodeIgniter\CodeIgniter->createController()
 3 SYSTEMPATH\CodeIgniter.php(353): CodeIgniter\CodeIgniter->handleRequest(null, Object(Config\Cache), false)
 4 FCPATH\index.php(79): CodeIgniter\CodeIgniter->run()
 5 SYSTEMPATH\Commands\Server\rewrite.php(47): require_once('E:\\dev\\horarios\\public\\index.php')
INFO - 2023-11-01 06:19:41 --> Session: Class initialized using 'CodeIgniter\Session\Handlers\FileHandler' driver.
WARNING - 2023-11-01 06:19:41 --> [DEPRECATED] Creation of dynamic property App\Controllers\Admin\CarreraController::$session is deprecated in APPPATH\Controllers\Admin\CarreraController.php on line 15.
 1 SYSTEMPATH\CodeIgniter.php(891): App\Controllers\Admin\CarreraController->__construct()
 2 SYSTEMPATH\CodeIgniter.php(485): CodeIgniter\CodeIgniter->createController()
 3 SYSTEMPATH\CodeIgniter.php(353): CodeIgniter\CodeIgniter->handleRequest(null, Object(Config\Cache), false)
 4 FCPATH\index.php(79): CodeIgniter\CodeIgniter->run()
 5 SYSTEMPATH\Commands\Server\rewrite.php(47): require_once('E:\\dev\\horarios\\public\\index.php')
INFO - 2023-11-01 06:19:48 --> Session: Class initialized using 'CodeIgniter\Session\Handlers\FileHandler' driver.
WARNING - 2023-11-01 06:19:48 --> [DEPRECATED] Creation of dynamic property App\Controllers\Admin\CarreraController::$session is deprecated in APPPATH\Controllers\Admin\CarreraController.php on line 15.
 1 SYSTEMPATH\CodeIgniter.php(891): App\Controllers\Admin\CarreraController->__construct()
 2 SYSTEMPATH\CodeIgniter.php(485): CodeIgniter\CodeIgniter->createController()
 3 SYSTEMPATH\CodeIgniter.php(353): CodeIgniter\CodeIgniter->handleRequest(null, Object(Config\Cache), false)
 4 FCPATH\index.php(79): CodeIgniter\CodeIgniter->run()
 5 SYSTEMPATH\Commands\Server\rewrite.php(47): require_once('E:\\dev\\horarios\\public\\index.php')
INFO - 2023-11-01 06:19:48 --> Session: Class initialized using 'CodeIgniter\Session\Handlers\FileHandler' driver.
WARNING - 2023-11-01 06:19:48 --> [DEPRECATED] Creation of dynamic property App\Controllers\Admin\CarreraController::$session is deprecated in APPPATH\Controllers\Admin\CarreraController.php on line 15.
 1 SYSTEMPATH\CodeIgniter.php(891): App\Controllers\Admin\CarreraController->__construct()
 2 SYSTEMPATH\CodeIgniter.php(485): CodeIgniter\CodeIgniter->createController()
 3 SYSTEMPATH\CodeIgniter.php(353): CodeIgniter\CodeIgniter->handleRequest(null, Object(Config\Cache), false)
 4 FCPATH\index.php(79): CodeIgniter\CodeIgniter->run()
 5 SYSTEMPATH\Commands\Server\rewrite.php(47): require_once('E:\\dev\\horarios\\public\\index.php')
INFO - 2023-11-01 06:19:51 --> Session: Class initialized using 'CodeIgniter\Session\Handlers\FileHandler' driver.
INFO - 2023-11-01 06:23:36 --> Session: Class initialized using 'CodeIgniter\Session\Handlers\FileHandler' driver.
INFO - 2023-11-01 06:23:40 --> Session: Class initialized using 'CodeIgniter\Session\Handlers\FileHandler' driver.
WARNING - 2023-11-01 06:23:40 --> [DEPRECATED] Creation of dynamic property App\Controllers\Admin\CarreraController::$session is deprecated in APPPATH\Controllers\Admin\CarreraController.php on line 15.
 1 SYSTEMPATH\CodeIgniter.php(891): App\Controllers\Admin\CarreraController->__construct()
 2 SYSTEMPATH\CodeIgniter.php(485): CodeIgniter\CodeIgniter->createController()
 3 SYSTEMPATH\CodeIgniter.php(353): CodeIgniter\CodeIgniter->handleRequest(null, Object(Config\Cache), false)
 4 FCPATH\index.php(79): CodeIgniter\CodeIgniter->run()
 5 SYSTEMPATH\Commands\Server\rewrite.php(47): require_once('E:\\dev\\horarios\\public\\index.php')
INFO - 2023-11-01 06:23:43 --> Session: Class initialized using 'CodeIgniter\Session\Handlers\FileHandler' driver.
WARNING - 2023-11-01 06:23:43 --> [DEPRECATED] Creation of dynamic property App\Controllers\Admin\CarreraController::$session is deprecated in APPPATH\Controllers\Admin\CarreraController.php on line 15.
 1 SYSTEMPATH\CodeIgniter.php(891): App\Controllers\Admin\CarreraController->__construct()
 2 SYSTEMPATH\CodeIgniter.php(485): CodeIgniter\CodeIgniter->createController()
 3 SYSTEMPATH\CodeIgniter.php(353): CodeIgniter\CodeIgniter->handleRequest(null, Object(Config\Cache), false)
 4 FCPATH\index.php(79): CodeIgniter\CodeIgniter->run()
 5 SYSTEMPATH\Commands\Server\rewrite.php(47): require_once('E:\\dev\\horarios\\public\\index.php')
INFO - 2023-11-01 06:23:46 --> Session: Class initialized using 'CodeIgniter\Session\Handlers\FileHandler' driver.
WARNING - 2023-11-01 06:23:46 --> [DEPRECATED] Creation of dynamic property App\Controllers\Admin\CarreraController::$session is deprecated in APPPATH\Controllers\Admin\CarreraController.php on line 15.
 1 SYSTEMPATH\CodeIgniter.php(891): App\Controllers\Admin\CarreraController->__construct()
 2 SYSTEMPATH\CodeIgniter.php(485): CodeIgniter\CodeIgniter->createController()
 3 SYSTEMPATH\CodeIgniter.php(353): CodeIgniter\CodeIgniter->handleRequest(null, Object(Config\Cache), false)
 4 FCPATH\index.php(79): CodeIgniter\CodeIgniter->run()
 5 SYSTEMPATH\Commands\Server\rewrite.php(47): require_once('E:\\dev\\horarios\\public\\index.php')
INFO - 2023-11-01 06:24:22 --> Session: Class initialized using 'CodeIgniter\Session\Handlers\FileHandler' driver.
WARNING - 2023-11-01 06:24:22 --> [DEPRECATED] Creation of dynamic property App\Controllers\Admin\CarreraController::$session is deprecated in APPPATH\Controllers\Admin\CarreraController.php on line 15.
 1 SYSTEMPATH\CodeIgniter.php(891): App\Controllers\Admin\CarreraController->__construct()
 2 SYSTEMPATH\CodeIgniter.php(485): CodeIgniter\CodeIgniter->createController()
 3 SYSTEMPATH\CodeIgniter.php(353): CodeIgniter\CodeIgniter->handleRequest(null, Object(Config\Cache), false)
 4 FCPATH\index.php(79): CodeIgniter\CodeIgniter->run()
 5 SYSTEMPATH\Commands\Server\rewrite.php(47): require_once('E:\\dev\\horarios\\public\\index.php')
INFO - 2023-11-01 06:24:26 --> Session: Class initialized using 'CodeIgniter\Session\Handlers\FileHandler' driver.
WARNING - 2023-11-01 06:24:26 --> [DEPRECATED] Creation of dynamic property App\Controllers\Admin\CarreraController::$session is deprecated in APPPATH\Controllers\Admin\CarreraController.php on line 15.
 1 SYSTEMPATH\CodeIgniter.php(891): App\Controllers\Admin\CarreraController->__construct()
 2 SYSTEMPATH\CodeIgniter.php(485): CodeIgniter\CodeIgniter->createController()
 3 SYSTEMPATH\CodeIgniter.php(353): CodeIgniter\CodeIgniter->handleRequest(null, Object(Config\Cache), false)
 4 FCPATH\index.php(79): CodeIgniter\CodeIgniter->run()
 5 SYSTEMPATH\Commands\Server\rewrite.php(47): require_once('E:\\dev\\horarios\\public\\index.php')
INFO - 2023-11-01 06:24:26 --> Session: Class initialized using 'CodeIgniter\Session\Handlers\FileHandler' driver.
WARNING - 2023-11-01 06:24:26 --> [DEPRECATED] Creation of dynamic property App\Controllers\Admin\CarreraController::$session is deprecated in APPPATH\Controllers\Admin\CarreraController.php on line 15.
 1 SYSTEMPATH\CodeIgniter.php(891): App\Controllers\Admin\CarreraController->__construct()
 2 SYSTEMPATH\CodeIgniter.php(485): CodeIgniter\CodeIgniter->createController()
 3 SYSTEMPATH\CodeIgniter.php(353): CodeIgniter\CodeIgniter->handleRequest(null, Object(Config\Cache), false)
 4 FCPATH\index.php(79): CodeIgniter\CodeIgniter->run()
 5 SYSTEMPATH\Commands\Server\rewrite.php(47): require_once('E:\\dev\\horarios\\public\\index.php')
INFO - 2023-11-01 14:07:50 --> Session: Class initialized using 'CodeIgniter\Session\Handlers\FileHandler' driver.
INFO - 2023-11-01 14:07:51 --> Session: Class initialized using 'CodeIgniter\Session\Handlers\FileHandler' driver.
INFO - 2023-11-01 14:07:56 --> Session: Class initialized using 'CodeIgniter\Session\Handlers\FileHandler' driver.
WARNING - 2023-11-01 14:07:56 --> [DEPRECATED] Creation of dynamic property App\Controllers\Admin\CarreraController::$session is deprecated in APPPATH\Controllers\Admin\CarreraController.php on line 15.
 1 SYSTEMPATH\CodeIgniter.php(891): App\Controllers\Admin\CarreraController->__construct()
 2 SYSTEMPATH\CodeIgniter.php(485): CodeIgniter\CodeIgniter->createController()
 3 SYSTEMPATH\CodeIgniter.php(353): CodeIgniter\CodeIgniter->handleRequest(null, Object(Config\Cache), false)
 4 FCPATH\index.php(79): CodeIgniter\CodeIgniter->run()
 5 SYSTEMPATH\Commands\Server\rewrite.php(47): require_once('E:\\dev\\horarios\\public\\index.php')
INFO - 2023-11-01 14:07:59 --> Session: Class initialized using 'CodeIgniter\Session\Handlers\FileHandler' driver.
WARNING - 2023-11-01 14:07:59 --> [DEPRECATED] Creation of dynamic property App\Controllers\Admin\AsignaturaController::$session is deprecated in APPPATH\Controllers\Admin\AsignaturaController.php on line 16.
 1 SYSTEMPATH\CodeIgniter.php(891): App\Controllers\Admin\AsignaturaController->__construct()
 2 SYSTEMPATH\CodeIgniter.php(485): CodeIgniter\CodeIgniter->createController()
 3 SYSTEMPATH\CodeIgniter.php(353): CodeIgniter\CodeIgniter->handleRequest(null, Object(Config\Cache), false)
 4 FCPATH\index.php(79): CodeIgniter\CodeIgniter->run()
 5 SYSTEMPATH\Commands\Server\rewrite.php(47): require_once('E:\\dev\\horarios\\public\\index.php')
INFO - 2023-11-01 14:08:01 --> Session: Class initialized using 'CodeIgniter\Session\Handlers\FileHandler' driver.
WARNING - 2023-11-01 14:08:01 --> [DEPRECATED] Creation of dynamic property App\Controllers\Admin\UsuarioController::$session is deprecated in APPPATH\Controllers\Admin\UsuarioController.php on line 15.
 1 SYSTEMPATH\CodeIgniter.php(891): App\Controllers\Admin\UsuarioController->__construct()
 2 SYSTEMPATH\CodeIgniter.php(485): CodeIgniter\CodeIgniter->createController()
 3 SYSTEMPATH\CodeIgniter.php(353): CodeIgniter\CodeIgniter->handleRequest(null, Object(Config\Cache), false)
 4 FCPATH\index.php(79): CodeIgniter\CodeIgniter->run()
 5 SYSTEMPATH\Commands\Server\rewrite.php(47): require_once('E:\\dev\\horarios\\public\\index.php')
